0.50 -2.00 -2.00 -2.00 0.99724825 0.99813203 0.99967740 0.97170817 1.00089288 0.99942325 0.99749413 0.96898858
0.50 -2.00 -2.00 -1.00 1.00382878 0.99550177 1.00030328 0.99956352 0.99609911 1.00452330 0.99920858 0.99937536
0.50 -2.00 -1.00 -2.00 1.00373092 1.00009638 0.99587867 0.99950599 0.99620845 0.99940661 1.00416173 0.99945917
0.50 -2.00 -1.00 -1.00 1.00443455 0.99811654 0.99778984 0.99960667 0.99555714 1.00182968 1.00223897 1.00034580
0.50 -1.00 -2.00 -2.00 1.00194502 0.99721751 0.99842294 1.00174782 0.99774151 1.00268148 1.00146653 0.99746777
0.50 -1.00 -2.00 -1.00 0.99932882 1.00140496 0.99916740 1.00017642 1.00059891 0.99861557 1.00092647 0.99992964
0.50 -1.00 -1.00 -2.00 1.00029708 1.00038771 0.99850469 1.00092806 0.99962923 0.99970060 1.00156449 0.99923822
0.50 -1.00 -1.00 -1.00 1.00154478 0.99789509 0.99918188 1.00148114 0.99836611 1.00218758 1.00090764 0.99863156
1.00 -2.00 -2.00 -2.00 0.99765125 1.00040208 0.99903782 0.98867141 1.00142148 0.99846924 0.99995491 0.98592394
1.00 -2.00 -2.00 -1.00 1.00372000 0.99566000 1.00024000 1.00037000 0.99627900 1.00435000 0.99974600 0.99963300
1.00 -2.00 -1.00 -2.00 1.00389763 1.00035440 0.99530870 1.00045742 0.99608944 0.99958285 1.00477405 0.99955082
1.00 -2.00 -1.00 -1.00 1.00031860 1.00037678 1.00107368 0.99823693 0.99968051 0.99962601 0.99892936 1.00178012
1.00 -1.00 -2.00 -2.00 1.00213000 0.99725900 0.99842900 1.00213000 0.99783900 1.00274000 1.00157000 0.99779400
1.00 -1.00 -2.00 -1.00 0.99919273 1.00024084 0.99941150 1.00115099 1.00070701 0.99979701 1.00064884 0.99886319
1.00 -1.00 -1.00 -2.00 1.00067353 1.00047188 0.99815304 1.00070011 0.99921256 0.99954161 1.00194358 0.99930779
1.00 -1.00 -1.00 -1.00 1.00133003 0.99788062 0.99918781 1.00159598 0.99854063 1.00217949 1.00086148 0.99843284
1.50 -2.00 -2.00 -2.00 1.00102000 0.99859800 0.99856100 0.99732200 0.99836200 1.00126000 1.00131000 0.99457800
1.50 -2.00 -2.00 -1.00 1.00433224 0.99485699 1.00033146 1.00046036 0.99566726 1.00513185 0.99967918 0.99953777
1.50 -2.00 -1.00 -2.00 1.00431306 1.00030592 0.99493565 1.00043087 0.99568569 0.99969016 1.00507109 0.99956856
1.50 -2.00 -1.00 -1.00 1.00400435 0.99855751 0.99846913 0.99896616 0.99599438 1.00144215 1.00153123 1.00103241
1.50 -1.00 -2.00 -2.00 1.00238057 0.99731404 0.99772475 1.00256743 0.99761283 1.00268567 1.00228460 0.99743069
1.50 -1.00 -2.00 -1.00 0.99979493 0.99942430 0.99935372 1.00142837 1.00019774 1.00058291 1.00065090 0.99857177
1.50 -1.00 -1.00 -2.00 1.00009000 1.00011000 0.99924200 1.00056000 0.99989800 0.99988900 1.00076000 0.99944300
1.50 -1.00 -1.00 -1.00 1.00152000 0.99813800 0.99877800 1.00155000 0.99848300 1.00181000 1.00127000 0.99845200
2.00 -2.00 -2.00 -2.00 1.00158408 0.99841884 0.99843414 1.00153799 0.99841298 1.00157691 1.00156974 0.99842341
2.00 -2.00 -2.00 -1.00 1.00318270 0.99472206 1.00079889 1.00128763 0.99681717 1.00527830 0.99920008 0.99871173
2.00 -2.00 -1.00 -2.00 1.00287000 1.00073000 0.99531600 1.00108000 0.99712800 0.99927400 1.00469000 0.99892200
2.00 -2.00 -1.00 -1.00 1.00412490 0.99797617 0.99770636 1.00018455 0.99587507 1.00202415 1.00229399 0.99981577
2.00 -1.00 -2.00 -2.00 1.00210922 0.99733485 0.99844082 1.00209850 0.99788991 1.00266596 1.00156033 0.99790218
2.00 -1.00 -2.00 -1.00 1.00148860 0.99593995 1.00085893 1.00169100 0.99851495 1.00408003 0.99911466 0.99830785
2.00 -1.00 -1.00 -2.00 1.00021798 1.00013251 1.00003021 0.99961320 0.99977584 0.99986911 0.99997690 1.00038804
2.00 -1.00 -1.00 -1.00 1.00182375 0.99836784 0.99800980 1.00178618 0.99817480 1.00163248 1.00199103 0.99821326
