1.00 -2.00 -2.00 -2.00 0.95089475 0.98617960 0.98806165 0.22946690 0.95671400 0.96837406 0.96953346 0.17999438
1.00 -2.00 -2.00 -1.00 0.96727183 0.99038954 0.84821817 0.55717582 0.95212127 0.96923333 0.85217626 0.50954251
1.00 -2.00 -1.00 -2.00 0.86491867 0.92660091 0.99898548 0.55442857 0.87809676 0.91634955 0.97016309 0.50032424
1.00 -2.00 -1.00 -1.00 0.98425266 0.89565540 0.90707363 0.68457173 0.96124004 0.88636435 0.89593101 0.64801800
1.00 -1.00 -2.00 -2.00 0.85942130 0.98479723 0.99026440 0.63317479 0.86755217 0.96733836 0.96387242 0.58889477
1.00 -1.00 -2.00 -1.00 0.90379796 0.99262698 0.92297338 0.73647298 0.89654339 0.96260237 0.91158005 0.70517848
1.00 -1.00 -1.00 -2.00 0.89714954 0.92502794 0.99495511 0.74323470 0.89344460 0.91373403 0.96419944 0.70899821
1.00 -1.00 -1.00 -1.00 0.90496921 0.95153096 0.94018904 0.79185099 0.89516344 0.92755499 0.92660035 0.75922142
1.50 -2.00 -2.00 -2.00 0.99122052 0.96122965 0.98403284 0.40855926 0.97509490 0.96346055 0.97157071 0.35493711
1.50 -2.00 -2.00 -1.00 0.94377120 0.97422870 0.98223990 0.81364860 0.94143666 0.96304859 0.96412573 0.76526542
1.50 -2.00 -1.00 -2.00 1.00312020 0.91031326 0.99499215 0.81204944 0.98340788 0.90906546 0.97848094 0.76952077
1.50 -2.00 -1.00 -1.00 1.00321358 0.97075617 0.97082867 0.91076632 0.98137415 0.95678072 0.95706260 0.88034727
1.50 -1.00 -2.00 -2.00 0.95538417 1.00275505 1.00553882 0.89611781 0.95026880 0.98777274 0.98352503 0.85822928
1.50 -1.00 -2.00 -1.00 0.97814444 1.00019680 0.99588287 0.95494585 0.96545267 0.98314152 0.97585421 0.92473555
1.50 -1.00 -1.00 -2.00 0.98367788 0.98821513 1.00505713 0.94815538 0.96802659 0.97096912 0.98538979 0.92072001
1.50 -1.00 -1.00 -1.00 0.99159926 0.99625842 0.99459496 0.96930600 0.97436707 0.97541711 0.97464382 0.94733065
2.00 -2.00 -2.00 -2.00 0.99326318 0.99123955 0.99170952 0.71061416 0.98040008 0.98322147 0.98340865 0.65982322
2.00 -2.00 -2.00 -1.00 1.00914180 1.00147328 0.99952510 0.99155401 0.98905827 0.98838213 0.98563162 0.95861118
2.00 -2.00 -1.00 -2.00 1.00917662 1.00193019 1.00162279 0.99402015 0.98913437 0.98526029 0.98883325 0.96352183
2.00 -2.00 -1.00 -1.00 1.01172362 1.00705964 1.00768669 1.00064709 0.98772878 0.98771721 0.98762769 0.98408236
2.00 -1.00 -2.00 -2.00 1.00464355 1.01125646 1.01014832 1.00316671 0.99004351 0.98845756 0.98941958 0.98128939
2.00 -1.00 -2.00 -1.00 1.00860081 1.00836599 1.00813897 1.00921622 0.98831783 0.99154745 0.99026161 0.98419511
2.00 -1.00 -1.00 -2.00 1.00449785 1.00544981 1.00575338 1.00037569 0.99006425 0.98966131 0.99350080 0.96287337
2.00 -1.00 -1.00 -1.00 1.00730261 1.01073866 1.00968415 1.00725444 0.99075317 0.98786588 0.98859317 0.98778265
