0.00 -4.00 -4.00 -4.00 0.99955719 0.99959785 0.99955518 0.03733247 0.99969773 0.99938164 0.99990717 0.03705616
0.00 -4.00 -4.00 -3.00 0.99956390 0.99834587 0.99779644 0.15979691 0.99940242 0.99827894 0.99808633 0.15973542
0.00 -4.00 -4.00 -2.00 1.00087978 0.99319223 0.98852881 0.60842980 0.99888419 0.99395469 0.98912962 0.60906213
0.00 -4.00 -4.00 -1.00 1.00089407 0.99978685 0.99965865 0.99965732 0.99910251 1.00021538 1.00034088 1.00033811
0.00 -4.00 -3.00 -4.00 0.99993106 0.99673937 0.99903218 0.16639416 0.99939509 0.99673947 0.99950586 0.16645634
0.00 -4.00 -3.00 -3.00 0.99971517 0.99690415 0.99643124 0.23420823 0.99961892 0.99671301 0.99642944 0.23449741
0.00 -4.00 -3.00 -2.00 0.99997934 0.99367377 0.98796374 0.61637609 0.99856571 0.99398117 0.98850318 0.61694288
0.00 -4.00 -3.00 -1.00 1.00069519 0.99993159 0.99968586 0.99968463 0.99930226 1.00007293 1.00031062 1.00031146
0.00 -4.00 -2.00 -4.00 1.00060830 0.98864183 0.99264796 0.59169899 0.99862839 0.98939924 0.99311099 0.59245846
0.00 -4.00 -2.00 -3.00 1.00021106 0.99092158 0.98984148 0.60526180 0.99828180 0.99159005 0.99040304 0.60596103
0.00 -4.00 -2.00 -2.00 1.00001586 0.99343558 0.99285941 0.84017530 0.99958398 0.99339122 0.99278124 0.84072972
0.00 -4.00 -2.00 -1.00 1.00036624 1.00001633 0.99981738 0.99980411 0.99963451 0.99998435 1.00018379 1.00020142
0.00 -4.00 -1.00 -4.00 1.00100615 0.99965815 0.99967539 0.99965737 0.99899619 1.00033763 1.00032517 1.00033806
0.00 -4.00 -1.00 -3.00 1.00113716 0.99966278 0.99953374 0.99966336 0.99885962 1.00033661 1.00046884 1.00033196
0.00 -4.00 -1.00 -2.00 1.00100763 0.99966246 0.99965848 0.99966954 0.99899155 1.00033172 1.00034693 1.00032791
0.00 -4.00 -1.00 -1.00 0.99960089 1.00032257 1.00039734 0.99967844 1.00039911 0.99966736 0.99961210 1.00032067
0.00 -3.00 -4.00 -4.00 0.99768595 0.99899890 0.99873180 0.12732004 0.99722457 0.99973506 0.99889204 0.12688500
0.00 -3.00 -4.00 -3.00 0.99826068 0.99790207 0.99754107 0.26176238 0.99833709 0.99780726 0.99753368 0.26178818
0.00 -3.00 -4.00 -2.00 0.99940508 0.99861809 0.99475721 0.84585015 0.99935196 0.99849972 0.99489547 0.84588340
0.00 -3.00 -4.00 -1.00 1.00092921 0.99957252 0.99975268 0.99974284 0.99907998 1.00042762 1.00023662 1.00025303
0.00 -3.00 -3.00 -4.00 0.99750227 0.99795710 0.99823108 0.25429364 0.99744468 0.99795135 0.99831105 0.25427700
0.00 -3.00 -3.00 -3.00 0.99863702 0.99734541 0.99613305 0.39936862 0.99868107 0.99732189 0.99613166 0.39934949
0.00 -3.00 -3.00 -2.00 0.99776834 0.99833114 0.99730914 0.86923417 0.99790430 0.99821631 0.99723556 0.86928662
0.00 -3.00 -3.00 -1.00 1.00086738 0.99964670 0.99974428 0.99973882 0.99913935 1.00035351 1.00024709 1.00025721
0.00 -3.00 -2.00 -4.00 0.99941267 0.99520060 0.99668547 0.81928303 0.99892399 0.99544086 0.99685749 0.81935943
0.00 -3.00 -2.00 -3.00 0.99904953 0.99563145 0.99808768 0.85821130 0.99881491 0.99576670 0.99811872 0.85827964
0.00 -3.00 -2.00 -2.00 1.00002922 0.99836645 0.99755449 0.95537661 0.99942620 0.99852285 0.99777298 0.95560474
0.00 -3.00 -2.00 -1.00 1.00081728 0.99974301 0.99971453 0.99972448 0.99918141 1.00025714 1.00028652 1.00027423
0.00 -3.00 -1.00 -4.00 1.00104036 0.99975734 0.99945550 0.99974599 0.99896156 1.00023982 1.00054508 1.00025274
0.00 -3.00 -1.00 -3.00 1.00108029 0.99975131 0.99942231 0.99974418 0.99892126 1.00024415 1.00057952 1.00025317
0.00 -3.00 -1.00 -2.00 1.00108637 0.99971356 0.99946096 0.99973765 0.99890945 1.00028548 1.00054349 1.00026012
0.00 -3.00 -1.00 -1.00 1.00056681 0.99985708 0.99986547 0.99971232 0.99943559 1.00013362 1.00014272 1.00028975
0.00 -2.00 -4.00 -4.00 0.98162527 0.99619234 0.99027521 0.29538499 0.98088871 0.99772785 0.99024110 0.29462015
0.00 -2.00 -4.00 -3.00 0.98234987 1.00061706 0.99684913 0.51629218 0.98232239 0.99847426 0.99917453 0.51613707
0.00 -2.00 -4.00 -2.00 0.99537386 0.99544792 0.99844293 0.87766321 0.99548747 0.99563730 0.99812193 0.87768121
0.00 -2.00 -4.00 -1.00 1.00040988 0.99941986 1.00010531 1.00006546 0.99959051 1.00058001 0.99989506 0.99993493
0.00 -2.00 -3.00 -4.00 0.98317982 0.99725801 1.00030449 0.53818875 0.98316172 0.99888276 0.99884922 0.53803737
0.00 -2.00 -3.00 -3.00 0.98855175 0.99790671 0.99969900 0.69411576 0.98834847 0.99973993 0.99827708 0.69390774
0.00 -2.00 -3.00 -2.00 0.99814575 0.99790827 0.99725920 0.92692879 0.99811981 0.99793427 0.99725403 0.92693391
0.00 -2.00 -3.00 -1.00 1.00035986 0.99949302 1.00009341 1.00005430 0.99963902 1.00050889 0.99990621 0.99994647
0.00 -2.00 -2.00 -4.00 0.99748826 0.99707223 0.99783439 0.91463838 0.99747524 0.99705686 0.99787243 0.91462872
0.00 -2.00 -2.00 -3.00 0.99812612 0.99878706 0.99842828 0.94302927 0.99797172 0.99846819 0.99886831 0.94306251
0.00 -2.00 -2.00 -2.00 0.99974925 0.99939116 0.99954284 0.99111099 0.99958047 0.99951207 0.99980292 0.99089879
0.00 -2.00 -2.00 -1.00 1.00035677 0.99962260 1.00000775 1.00001333 0.99964214 1.00038163 0.99998957 0.99998711
0.00 -2.00 -1.00 -4.00 1.00042532 1.00010804 0.99939859 1.00006835 0.99957440 0.99989186 1.00060197 0.99993207
0.00 -2.00 -1.00 -3.00 1.00038898 1.00009454 0.99945863 1.00005840 0.99960966 0.99990281 1.00054551 0.99994258
0.00 -2.00 -1.00 -2.00 1.00026013 1.00005111 0.99967304 1.00001612 0.99973847 0.99994526 1.00033241 0.99998426
0.00 -2.00 -1.00 -1.00 1.00017897 0.99998196 1.00000283 0.99984647 0.99982072 1.00002115 1.00000207 1.00016628
0.00 -1.00 -4.00 -4.00 0.99399387 0.99776426 0.99729333 0.97983495 0.99335322 0.99742814 0.99890569 0.97919936
0.00 -1.00 -4.00 -3.00 0.99600201 0.99793701 0.99746664 0.98498948 0.99559135 0.99893776 0.99735147 0.98451456
0.00 -1.00 -4.00 -2.00 0.99955321 0.99968322 0.99987478 0.99863329 0.99939911 1.00008329 0.99980435 0.99845774
0.00 -1.00 -4.00 -1.00 1.00000779 0.99998812 1.00000963 0.99999875 0.99998741 1.00001595 0.99999545 1.00000548
0.00 -1.00 -3.00 -4.00 0.99487580 0.99857084 0.99857627 0.98447932 0.99475564 0.99875463 0.99870543 0.98428654
0.00 -1.00 -3.00 -3.00 0.99675168 0.99836370 0.99842421 0.98900364 0.99620618 0.99951799 0.99844909 0.98836998
0.00 -1.00 -3.00 -2.00 0.99948683 1.00003788 0.99944184 0.99841046 0.99931085 0.99966929 1.00021945 0.99817742
0.00 -1.00 -3.00 -1.00 0.99528004 0.99690270 1.01290067 0.99243824 0.99956917 0.99946613 0.99882261 0.99966373
0.00 -1.00 -2.00 -4.00 0.99926342 0.99951171 1.00003355 0.99776798 0.99951508 0.99956675 0.99946770 0.99802714
0.00 -1.00 -2.00 -3.00 0.99945552 0.99949279 0.99948491 0.99793452 0.99913014 0.99978008 0.99987858 0.99757894
0.00 -1.00 -2.00 -2.00 0.99990689 1.00000174 0.99962239 0.99966695 0.99967365 0.99991461 1.00032995 0.99927975
0.00 -1.00 -2.00 -1.00 1.00007044 0.99981328 1.00007255 1.00005159 0.99997429 1.00004498 1.00000758 0.99998102
0.00 -1.00 -1.00 -4.00 1.00000414 1.00001016 0.99998011 1.00000660 0.99999012 0.99999269 1.00002341 0.99999480
0.00 -1.00 -1.00 -3.00 1.00003724 1.00010510 0.99975918 1.00009885 0.99993819 0.99993661 1.00019775 0.99992782
0.00 -1.00 -1.00 -2.00 0.99998458 0.99999598 0.99999427 1.00002583 1.00000907 1.00000623 1.00001101 0.99997435
0.00 -1.00 -1.00 -1.00 1.00015425 0.99980867 0.99989377 1.00014423 0.99983881 1.00019478 1.00011097 0.99985636
0.50 -4.00 -4.00 -4.00 0.99986709 0.99945197 0.99942782 0.13638374 0.99963903 0.99979536 0.99956351 0.13613271
0.50 -4.00 -4.00 -3.00 0.99899410 0.99929236 0.99902689 0.48192038 0.99916737 0.99926102 0.99910330 0.48170203
0.50 -4.00 -4.00 -2.00 1.00055330 0.99962763 0.99941430 0.98824202 0.99938493 1.00005845 0.99988929 0.98850458
0.50 -4.00 -4.00 -1.00 1.00075726 0.99983867 0.99970347 0.99970032 0.99924052 1.00016114 1.00029846 1.00029959
0.50 -4.00 -3.00 -4.00 0.99947680 0.99866526 0.99914243 0.50457459 0.99931770 0.99889952 0.99937534 0.50426653
0.50 -4.00 -3.00 -3.00 0.99954956 0.99910929 0.99834840 0.68079155 1.00006797 0.99923034 0.99803865 0.68046184
0.50 -4.00 -3.00 -2.00 1.00025572 0.99980181 0.99970453 0.99327721 0.99973041 0.99996231 0.99988445 0.99346209
0.50 -4.00 -3.00 -1.00 1.00081054 0.99979382 0.99969758 0.99969770 0.99918918 1.00020824 1.00030018 1.00030204
0.50 -4.00 -2.00 -4.00 0.99903596 0.99895045 1.00061248 0.96374592 0.99936013 0.99953994 0.99935820 0.96408653
0.50 -4.00 -2.00 -3.00 1.00052372 0.99937698 0.99969112 0.98878727 0.99942871 0.99977434 1.00009393 0.98908212
0.50 -4.00 -2.00 -2.00 1.00096497 0.99958953 0.99958454 0.99963617 0.99903874 1.00038756 1.00039732 0.99995159
0.50 -4.00 -2.00 -1.00 1.00046588 0.99992594 0.99980788 0.99980032 0.99953220 1.00008192 1.00018572 1.00020019
0.50 -4.00 -1.00 -4.00 1.00098341 0.99970038 0.99961573 0.99970003 0.99901321 1.00030098 1.00038612 1.00029924
0.50 -4.00 -1.00 -3.00 1.00106112 0.99969859 0.99953999 0.99969987 0.99893810 1.00029987 1.00046203 1.00029957
0.50 -4.00 -1.00 -2.00 1.00099700 0.99969010 0.99961287 0.99969961 0.99900304 1.00030378 1.00039282 1.00029994
0.50 -4.00 -1.00 -1.00 1.00011957 1.00002693 1.00005338 0.99980011 0.99988053 0.99997194 0.99994762 1.00019989
0.50 -3.00 -4.00 -4.00 0.99843398 0.99917757 0.99920087 0.39694778 0.99803172 0.99952592 0.99965107 0.39655150
0.50 -3.00 -4.00 -3.00 0.99954114 0.99950276 0.99925863 0.81807738 0.99954014 0.99950176 0.99925623 0.81808177
0.50 -3.00 -4.00 -2.00 1.00016588 0.99941775 1.00019679 1.00018348 0.99982706 1.00058475 0.99980587 0.99974622
0.50 -3.00 -4.00 -1.00 1.00062425 0.99940186 0.99998984 0.99998408 0.99937710 1.00059871 1.00000829 1.00001594
0.50 -3.00 -3.00 -4.00 0.99957344 0.99933984 0.99940699 0.82170207 0.99957641 0.99934304 0.99940737 0.82169553
0.50 -3.00 -3.00 -3.00 0.99991237 0.99953865 0.99953720 0.93203682 0.99969706 0.99987111 0.99965791 0.93179895
0.50 -3.00 -3.00 -2.00 0.99998979 0.99966531 1.00013730 1.00019143 1.00027037 1.00000595 0.99993127 0.99977624
0.50 -3.00 -3.00 -1.00 1.00052446 0.99953663 0.99996780 0.99997112 0.99947542 1.00046557 1.00003013 1.00002890
0.50 -3.00 -2.00 -4.00 1.00021168 1.00021200 0.99935479 1.00018450 0.99978796 0.99978450 1.00064579 0.99974473
0.50 -3.00 -2.00 -3.00 1.00018197 1.00016935 0.99942994 1.00020144 0.99981008 0.99984055 1.00056630 0.99976576
0.50 -3.00 -2.00 -2.00 1.00011323 0.99978582 0.99989416 1.00020727 0.99987558 1.00021753 1.00011481 0.99979255
0.50 -3.00 -2.00 -1.00 1.00057879 0.99955812 0.99990845 0.99995467 0.99942126 1.00044628 1.00008714 1.00004535
0.50 -3.00 -1.00 -4.00 1.00063199 0.99998780 0.99939861 0.99998159 0.99936830 1.00001133 1.00060194 1.00001843
0.50 -3.00 -1.00 -3.00 1.00064546 0.99998182 0.99939129 0.99998143 0.99935481 1.00001603 1.00061055 1.00001861
0.50 -3.00 -1.00 -2.00 1.00068862 0.99991596 0.99943582 0.99995958 0.99931164 1.00007893 1.00056898 1.00004044
0.50 -3.00 -1.00 -1.00 1.00055221 0.99980671 0.99980287 0.99983773 0.99944503 1.00019437 1.00019825 1.00016186
0.50 -2.00 -4.00 -4.00 0.99607009 0.99888380 0.99819342 0.85113077 0.99568864 0.99973368 0.99815826 0.85069750
0.50 -2.00 -4.00 -3.00 1.00005644 0.99994640 0.99993281 0.99989485 0.99993019 1.00004905 1.00006192 0.99978933
0.50 -2.00 -4.00 -2.00 1.00000838 0.99999428 1.00002543 0.99997256 0.99998344 1.00000830 0.99998095 1.00002796
0.50 -2.00 -4.00 -1.00 1.00017192 0.99942652 1.00019935 1.00020264 0.99982700 1.00057471 0.99980104 0.99979768
0.50 -2.00 -3.00 -4.00 0.99958146 0.99976436 0.99990417 0.98422311 0.99963360 0.99975487 0.99980809 0.98427654
0.50 -2.00 -3.00 -3.00 1.00019143 0.99971208 0.99990086 1.00016720 0.99980584 1.00028901 1.00009918 0.99977753
0.50 -2.00 -3.00 -2.00 0.99999921 0.99999999 0.99999934 1.00000066 0.99999628 1.00000362 1.00000261 0.99999669
0.50 -2.00 -3.00 -1.00 1.00009630 0.99952122 1.00018880 1.00019413 0.99990068 1.00048177 0.99981178 0.99980622
0.50 -2.00 -2.00 -4.00 1.00000250 0.99999905 0.99999787 0.99999983 0.99999833 1.00000050 1.00000044 0.99999999
0.50 -2.00 -2.00 -3.00 1.00000014 0.99999718 1.00000174 1.00000035 1.00002015 0.99999472 0.99999285 0.99999169
0.50 -2.00 -2.00 -2.00 1.00012721 0.99978600 0.99997073 1.00010948 0.99999733 1.00013072 0.99997289 0.99989249
0.50 -2.00 -2.00 -1.00 1.00016347 0.99952340 1.00012189 1.00019215 0.99983660 1.00047974 0.99987576 0.99980883
0.50 -2.00 -1.00 -4.00 1.00008748 1.00019848 0.99950032 1.00021417 0.99990940 0.99980133 1.00050354 0.99978618
0.50 -2.00 -1.00 -3.00 1.00018183 1.00018769 0.99942503 1.00020559 0.99981821 0.99980961 1.00057771 0.99979460
0.50 -2.00 -1.00 -2.00 1.00013068 1.00011790 0.99960035 1.00015125 0.99986914 0.99988425 1.00039809 0.99984871
0.50 -2.00 -1.00 -1.00 0.99971392 1.00004897 1.00012163 1.00011571 1.00028038 0.99995435 0.99987902 0.99988648
0.50 -1.00 -4.00 -4.00 1.00050439 0.99942701 0.99954215 1.00048890 0.99947513 1.00057526 1.00045587 0.99945618
0.50 -1.00 -4.00 -3.00 1.00026153 0.99958509 0.99988667 1.00026609 0.99973566 1.00041623 1.00011470 0.99973279
0.50 -1.00 -4.00 -2.00 1.00004316 0.99988246 1.00003018 1.00004431 0.99995675 1.00011992 0.99996785 0.99995560
0.50 -1.00 -4.00 -1.00 1.00000134 0.99997305 1.00001103 1.00001552 1.00000824 1.00000907 0.99999464 0.99998899
0.50 -1.00 -3.00 -4.00 1.00024817 0.99986640 0.99963463 1.00025009 0.99975204 1.00012536 1.00037307 0.99974882
0.50 -1.00 -3.00 -3.00 1.00023231 0.99966969 0.99986139 1.00023665 0.99976472 1.00033237 1.00014008 0.99976287
0.50 -1.00 -3.00 -2.00 1.00009911 0.99978907 1.00001889 1.00008695 0.99996796 1.00005483 1.00001610 0.99995514
0.50 -1.00 -3.00 -1.00 1.00000491 1.00000084 0.99999175 1.00000247 0.99999931 0.99999818 1.00000357 0.99999890
0.50 -1.00 -2.00 -4.00 1.00002528 0.99999337 0.99995058 1.00003115 0.99997054 1.00000942 1.00005212 0.99996830
0.50 -1.00 -2.00 -3.00 1.00000153 1.00000688 0.99999593 0.99999645 0.99999430 0.99999595 1.00000563 1.00000490
0.50 -1.00 -2.00 -2.00 1.00020566 0.99974966 0.99983688 1.00020727 0.99979327 1.00025975 1.00015448 0.99979197
0.50 -1.00 -2.00 -1.00 1.00000569 0.99998975 0.99999366 1.00000979 1.00000814 0.99999866 0.99999493 0.99999716
0.50 -1.00 -1.00 -4.00 1.00001122 1.00001677 0.99993247 1.00004005 0.99998269 0.99998711 1.00007065 0.99996006
0.50 -1.00 -1.00 -3.00 1.00001993 1.00002454 0.99992279 1.00003314 0.99997715 0.99997685 1.00007951 0.99996689
0.50 -1.00 -1.00 -2.00 0.99999776 1.00000047 0.99999947 1.00000168 0.99999560 1.00000050 1.00000327 1.00000000
0.50 -1.00 -1.00 -1.00 1.00014273 0.99983473 0.99987711 1.00014490 0.99986211 1.00016132 1.00012141 0.99985463
1.00 -4.00 -4.00 -4.00 0.99993741 0.99949720 0.99952401 0.31756908 0.99967323 0.99991085 0.99967584 0.31726779
1.00 -4.00 -4.00 -3.00 0.99986954 0.99985918 0.99937428 0.81823030 0.99988524 0.99987959 0.99935641 0.81821206
1.00 -4.00 -4.00 -2.00 1.00047094 0.99936192 1.00008594 1.00008101 0.99952905 1.00063664 0.99991552 0.99991859
1.00 -4.00 -4.00 -1.00 1.00089837 0.99957784 0.99976224 0.99976090 0.99910112 1.00042217 1.00023805 1.00023801
1.00 -4.00 -3.00 -4.00 0.99989300 0.99937237 0.99971759 0.81837487 0.99982191 0.99922730 1.00010663 0.81820199
1.00 -4.00 -3.00 -3.00 0.99978719 0.99981639 0.99970813 0.94112529 1.00011994 0.99982894 0.99969352 0.94079459
1.00 -4.00 -3.00 -2.00 1.00050987 0.99941070 1.00001128 1.00006875 0.99949008 1.00059050 0.99998788 0.99993213
1.00 -4.00 -3.00 -1.00 1.00091325 0.99956573 0.99976017 0.99976085 0.99908675 1.00043429 1.00023980 1.00023915
1.00 -4.00 -2.00 -4.00 1.00047749 1.00008390 0.99935712 1.00008111 0.99952256 0.99991614 1.00064232 0.99991860
1.00 -4.00 -2.00 -3.00 1.00051075 1.00001977 0.99940123 1.00006886 0.99948922 0.99998958 1.00058969 0.99993213
1.00 -4.00 -2.00 -2.00 1.00070634 0.99966501 0.99965249 0.99997639 0.99929309 1.00034469 1.00033839 1.00002406
1.00 -4.00 -2.00 -1.00 1.00098608 0.99952425 0.99973369 0.99975598 0.99901392 1.00047580 1.00026626 1.00024402
1.00 -4.00 -1.00 -4.00 1.00098065 0.99976524 0.99949000 0.99976411 0.99901936 1.00023474 1.00051001 1.00023589
1.00 -4.00 -1.00 -3.00 1.00098742 0.99976237 0.99948670 0.99976350 0.99901257 1.00023761 1.00051332 1.00023650
1.00 -4.00 -1.00 -2.00 1.00104586 0.99973257 0.99946372 0.99975786 0.99895415 1.00026737 1.00053634 1.00024214
1.00 -4.00 -1.00 -1.00 1.00123716 0.99953567 0.99951609 0.99971069 0.99876177 1.00046490 1.00048445 1.00028848
1.00 -3.00 -4.00 -4.00 0.99937928 0.99947299 0.99961724 0.72993373 0.99906132 1.00026998 0.99950077 0.72957117
1.00 -3.00 -4.00 -3.00 0.99987410 0.99986498 0.99979843 0.95033287 0.99987358 0.99986420 0.99979662 0.95033598
1.00 -3.00 -4.00 -2.00 1.00022245 0.99934143 1.00021440 1.00022090 0.99977753 1.00065751 0.99978665 0.99977749
1.00 -3.00 -4.00 -1.00 1.00034432 0.99933773 1.00015945 1.00015776 0.99965568 1.00066366 0.99983915 0.99984077
1.00 -3.00 -3.00 -4.00 0.99990339 0.99985527 0.99987104 0.96130763 0.99990874 0.99986060 0.99987157 0.96129642
1.00 -3.00 -3.00 -3.00 1.00012527 0.99976746 0.99991998 0.99805166 0.99986080 1.00021724 1.00005797 0.99772836
1.00 -3.00 -3.00 -2.00 1.00022248 0.99941710 1.00013870 1.00022091 0.99977752 1.00058737 0.99985681 0.99977749
1.00 -3.00 -3.00 -1.00 1.00034664 0.99934534 1.00015038 1.00015690 0.99965336 1.00065729 0.99984681 0.99984182
1.00 -3.00 -2.00 -4.00 1.00022246 1.00021278 0.99934304 1.00022091 0.99977754 0.99978578 1.00065838 0.99977749
1.00 -3.00 -2.00 -3.00 1.00022247 1.00014119 0.99941463 1.00022090 0.99977754 0.99985701 1.00058715 0.99977749
1.00 -3.00 -2.00 -2.00 1.00022252 0.99977561 0.99978011 1.00022098 0.99977748 1.00021781 1.00022644 0.99977750
1.00 -3.00 -2.00 -1.00 1.00037502 0.99941002 1.00007149 1.00014347 0.99962498 1.00059008 0.99992840 0.99985653
1.00 -3.00 -1.00 -4.00 1.00034457 1.00016118 0.99933575 1.00015776 0.99965543 0.99983971 1.00066337 0.99984076
1.00 -3.00 -1.00 -3.00 1.00034738 1.00015172 0.99934346 1.00015670 0.99965262 0.99984625 1.00065860 0.99984179
1.00 -3.00 -1.00 -2.00 1.00037579 1.00007915 0.99940126 1.00014380 0.99962421 0.99992069 1.00059889 0.99985620
1.00 -3.00 -1.00 -1.00 1.00072903 0.99967010 0.99963694 0.99996393 0.99927097 1.00032994 1.00036302 1.00003607
1.00 -2.00 -4.00 -4.00 1.00020849 0.99970712 0.99987393 1.00017500 0.99978903 1.00029287 1.00012607 0.99975656
1.00 -2.00 -4.00 -3.00 1.00004202 0.99989376 1.00002184 1.00004238 0.99995798 1.00010630 0.99997811 0.99995762
1.00 -2.00 -4.00 -2.00 1.00000002 0.99999996 0.99999996 1.00000004 0.99999998 1.00000002 1.00000003 0.99999996
1.00 -2.00 -4.00 -1.00 1.00022222 0.99933423 1.00022133 1.00022222 0.99977778 1.00066577 0.99977867 0.99977778
1.00 -2.00 -3.00 -4.00 1.00000025 0.99999964 0.99999988 1.00000019 0.99999974 1.00000035 1.00000013 0.99999973
1.00 -2.00 -3.00 -3.00 1.00019797 0.99980193 0.99980212 1.00019798 0.99980203 1.00019805 1.00019789 0.99980202
1.00 -2.00 -3.00 -2.00 1.00016540 0.99956393 1.00010519 1.00016548 0.99983460 1.00043609 0.99989478 0.99983452
1.00 -2.00 -3.00 -1.00 1.00022222 0.99934216 1.00021340 1.00022222 0.99977778 1.00065785 0.99978658 0.99977778
1.00 -2.00 -2.00 -4.00 0.99999993 1.00000005 1.00000005 0.99999994 0.99999999 0.99999992 1.00000006 1.00000001
1.00 -2.00 -2.00 -3.00 1.00009664 1.00006180 0.99974481 1.00009674 0.99990336 0.99993812 1.00025526 0.99990326
1.00 -2.00 -2.00 -2.00 1.00022163 0.99978215 0.99977524 1.00022025 0.99977840 1.00021963 1.00022291 0.99977833
1.00 -2.00 -2.00 -1.00 1.00022211 0.99941894 1.00013717 1.00022104 0.99977770 1.00058665 0.99985742 0.99977748
1.00 -2.00 -1.00 -4.00 1.00022222 1.00022142 0.99933415 1.00022222 0.99977778 0.99977858 1.00066585 0.99977778
1.00 -2.00 -1.00 -3.00 1.00022222 1.00021426 0.99934130 1.00022222 0.99977778 0.99978569 1.00065874 0.99977778
1.00 -2.00 -1.00 -2.00 1.00022223 1.00014269 0.99941337 1.00022096 0.99977784 0.99984822 1.00059566 0.99977755
1.00 -2.00 -1.00 -1.00 1.00022241 0.99978256 0.99977317 1.00022099 0.99977757 1.00019042 1.00025376 0.99977737
1.00 -1.00 -4.00 -4.00 1.00044101 0.99950312 0.99961371 1.00044218 0.99955897 1.00049689 1.00038626 0.99955791
1.00 -1.00 -4.00 -3.00 1.00014565 0.99974434 0.99996373 1.00014628 0.99985435 1.00025569 1.00003625 0.99985372
1.00 -1.00 -4.00 -2.00 1.00006817 0.99979855 1.00006507 1.00006821 0.99993183 1.00020147 0.99993491 0.99993179
1.00 -1.00 -4.00 -1.00 1.00010132 0.99969641 1.00010092 1.00010135 0.99989868 1.00030360 0.99989908 0.99989865
1.00 -1.00 -3.00 -4.00 1.00007618 0.99982704 1.00001888 1.00007791 0.99992382 1.00017300 0.99998110 0.99992209
1.00 -1.00 -3.00 -3.00 1.00021916 0.99976866 0.99979391 1.00021757 0.99978088 1.00023190 1.00020562 0.99978090
1.00 -1.00 -3.00 -2.00 1.00011747 0.99969099 1.00007401 1.00011753 0.99988253 1.00030906 0.99992593 0.99988247
1.00 -1.00 -3.00 -1.00 1.00010885 0.99967775 1.00010451 1.00010889 0.99989115 1.00032228 0.99989545 0.99989111
1.00 -1.00 -2.00 -4.00 1.00002991 1.00002868 0.99991150 1.00002991 0.99997009 0.99997129 1.00008853 0.99997009
1.00 -1.00 -2.00 -3.00 1.00008547 1.00005403 0.99977496 1.00008554 0.99991453 0.99994590 1.00022512 0.99991446
1.00 -1.00 -2.00 -2.00 1.00020927 0.99979272 0.99978874 1.00020927 0.99979073 1.00020734 1.00021121 0.99979073
1.00 -1.00 -2.00 -1.00 1.00016389 0.99956842 1.00010373 1.00016396 0.99983611 1.00043160 0.99989625 0.99983604
1.00 -1.00 -1.00 -4.00 1.00010375 1.00010337 0.99968912 1.00010375 0.99989625 0.99989662 1.00031089 0.99989625
1.00 -1.00 -1.00 -3.00 1.00009153 1.00008826 0.99972868 1.00009153 0.99990847 0.99991173 1.00027133 0.99990847
1.00 -1.00 -1.00 -2.00 1.00011285 1.00007559 0.99969866 1.00011290 0.99988715 0.99992440 1.00030134 0.99988710
1.00 -1.00 -1.00 -1.00 1.00022121 0.99980190 0.99975567 1.00022122 0.99977879 1.00019786 1.00024457 0.99977878
1.50 -4.00 -4.00 -4.00 0.99996219 0.99970275 0.99971871 0.59638154 0.99980580 0.99994744 0.99981087 0.59620109
1.50 -4.00 -4.00 -3.00 0.99998003 0.99994132 0.99992884 0.97789706 1.00000076 1.00004337 0.99987602 0.97782711
1.50 -4.00 -4.00 -2.00 1.00027400 0.99934092 1.00019016 1.00019431 0.99972600 1.00065784 0.99981103 0.99980452
1.50 -4.00 -4.00 -1.00 1.00100699 0.99933676 0.99982855 0.99982770 0.99899302 1.00066324 1.00017144 1.00017230
1.50 -4.00 -3.00 -4.00 1.00001661 0.99994773 0.99985904 0.97788327 0.99996380 0.99985852 1.00012367 0.97776065
1.50 -4.00 -3.00 -3.00 1.00021962 0.99977966 0.99976889 0.99918051 0.99977971 1.00021707 1.00021561 0.99873630
1.50 -4.00 -3.00 -2.00 1.00028691 0.99941134 1.00011339 1.00018777 0.99971309 1.00058853 0.99988671 0.99981107
1.50 -4.00 -3.00 -1.00 1.00101067 0.99933851 0.99982328 0.99982701 0.99899044 1.00066150 1.00017525 1.00017229
1.50 -4.00 -2.00 -4.00 1.00027400 1.00018994 0.99934114 1.00019429 0.99972600 0.99981087 1.00065800 0.99980451
1.50 -4.00 -2.00 -3.00 1.00028692 1.00011678 0.99940791 1.00018776 0.99971308 0.99988640 1.00058885 0.99981105
1.50 -4.00 -2.00 -2.00 1.00044574 0.99971418 0.99973154 1.00010790 0.99955426 1.00027327 1.00028099 0.99989084
1.50 -4.00 -2.00 -1.00 1.00103010 0.99937939 0.99977350 0.99981650 0.99896994 1.00062061 1.00022609 1.00018285
1.50 -4.00 -1.00 -4.00 1.00100742 0.99982814 0.99933649 0.99982748 0.99899393 1.00017023 1.00066352 1.00017186
1.50 -4.00 -1.00 -3.00 1.00100990 0.99982303 0.99934015 0.99982644 0.99899187 1.00017527 1.00065984 1.00017255
1.50 -4.00 -1.00 -2.00 1.00103031 0.99977811 0.99937451 0.99981657 0.99896836 1.00022274 1.00062564 1.00018277
1.50 -4.00 -1.00 -1.00 1.00116588 0.99955285 0.99953092 0.99974982 0.99883562 1.00044636 1.00046840 1.00024907
1.50 -3.00 -4.00 -4.00 1.00006556 0.99973918 0.99986197 0.96635547 0.99973452 1.00020766 1.00005983 0.96602016
1.50 -3.00 -4.00 -3.00 1.00021235 0.99943419 1.00013396 1.00011704 0.99978699 1.00056577 0.99986502 0.99967976
1.50 -3.00 -4.00 -2.00 1.00022222 0.99934215 1.00021341 1.00022222 0.99977778 1.00065787 0.99978657 0.99977778
1.50 -3.00 -4.00 -1.00 1.00025930 0.99933345 1.00020409 1.00020246 0.99974070 1.00066502 0.99979705 0.99979653
1.50 -3.00 -3.00 -4.00 1.00020722 1.00013178 0.99944409 1.00011431 0.99979193 0.99986746 1.00055590 0.99968211
1.50 -3.00 -3.00 -3.00 1.00022214 0.99977803 0.99977763 1.00021966 0.99977784 1.00022193 1.00022236 0.99977534
1.50 -3.00 -3.00 -2.00 1.00022221 0.99941426 1.00014131 1.00022222 0.99977779 1.00058581 0.99985863 0.99977778
1.50 -3.00 -3.00 -1.00 1.00026032 0.99933534 1.00020233 1.00020131 0.99973968 1.00065624 0.99980638 0.99979700
1.50 -3.00 -2.00 -4.00 1.00022222 1.00021350 0.99934206 1.00022222 0.99977778 0.99978648 1.00065796 0.99977778
1.50 -3.00 -2.00 -3.00 1.00022222 1.00014212 0.99941344 1.00022222 0.99977778 0.99985782 1.00058662 0.99977778
1.50 -3.00 -2.00 -2.00 1.00022250 0.99977278 0.99978296 1.00022092 0.99977750 1.00021843 1.00022576 0.99977747
1.50 -3.00 -2.00 -1.00 1.00027067 0.99940815 1.00012377 1.00019670 0.99972934 1.00058611 0.99988169 0.99980215
1.50 -3.00 -1.00 -4.00 1.00025934 1.00020518 0.99933261 1.00020214 0.99974066 0.99979705 1.00066508 0.99979648
1.50 -3.00 -1.00 -3.00 1.00026037 1.00019353 0.99934345 1.00020194 0.99973963 0.99980374 1.00065896 0.99979696
1.50 -3.00 -1.00 -2.00 1.00027074 1.00014432 0.99938778 1.00019642 0.99972926 0.99987603 1.00059189 0.99980208
1.50 -3.00 -1.00 -1.00 1.00042896 0.99973840 0.99971454 1.00011749 0.99957104 1.00025113 1.00029542 0.99988180
1.50 -2.00 -4.00 -4.00 1.00021727 0.99976930 0.99979637 1.00021708 0.99978267 1.00023073 1.00020370 0.99978292
1.50 -2.00 -4.00 -3.00 1.00004515 0.99988271 1.00002677 1.00004535 0.99995485 1.00011733 0.99997319 0.99995462
1.50 -2.00 -4.00 -2.00 1.00018184 0.99946164 1.00017464 1.00018189 0.99981816 1.00053838 0.99982534 0.99981811
1.50 -2.00 -4.00 -1.00 1.00022212 0.99933453 1.00022123 1.00022212 0.99977788 1.00066548 0.99977876 0.99977788
1.50 -2.00 -3.00 -4.00 0.99996343 0.99997788 1.00009543 0.99996325 1.00003657 1.00002205 0.99990463 1.00003675
1.50 -2.00 -3.00 -3.00 1.00021141 0.99978861 0.99978856 1.00021142 0.99978859 1.00021138 1.00021145 0.99978858
1.50 -2.00 -3.00 -2.00 1.00020347 0.99946358 1.00012938 1.00020357 0.99979653 1.00053648 0.99987056 0.99979643
1.50 -2.00 -3.00 -1.00 1.00022211 0.99934246 1.00021331 1.00022212 0.99977789 1.00065756 0.99978668 0.99977788
1.50 -2.00 -2.00 -4.00 1.00017319 1.00016639 0.99948722 1.00017319 0.99982681 0.99983358 1.00051281 0.99982681
1.50 -2.00 -2.00 -3.00 1.00018676 1.00011946 0.99950697 1.00018681 0.99981324 0.99988049 1.00049308 0.99981319
1.50 -2.00 -2.00 -2.00 1.00022176 0.99978048 0.99977600 1.00022177 0.99977824 1.00021954 1.00022398 0.99977823
1.50 -2.00 -2.00 -1.00 1.00022216 0.99941503 1.00014065 1.00022216 0.99977784 1.00058497 0.99985935 0.99977784
1.50 -2.00 -1.00 -4.00 1.00022208 1.00022128 0.99933456 1.00022208 0.99977792 0.99977871 1.00066545 0.99977792
1.50 -2.00 -1.00 -3.00 1.00022203 1.00021409 0.99934184 1.00022203 0.99977797 0.99978587 1.00065819 0.99977797
1.50 -2.00 -1.00 -2.00 1.00022197 1.00014866 0.99940739 1.00022197 0.99977803 0.99985131 1.00059264 0.99977803
1.50 -2.00 -1.00 -1.00 1.00022217 0.99980132 0.99975435 1.00022216 0.99977783 1.00019879 1.00024554 0.99977784
1.50 -1.00 -4.00 -4.00 1.00036919 0.99958060 0.99968012 1.00037009 0.99963081 1.00041941 1.00031987 0.99962991
1.50 -1.00 -4.00 -3.00 1.00012143 0.99978243 0.99997474 1.00012138 0.99987888 1.00021808 1.00002453 0.99987850
1.50 -1.00 -4.00 -2.00 1.00008422 0.99975105 1.00008046 1.00008427 0.99991578 1.00024897 0.99991952 0.99991573
1.50 -1.00 -4.00 -1.00 1.00006601 0.99980349 1.00006477 1.00006573 0.99993417 1.00019734 0.99993437 0.99993412
1.50 -1.00 -3.00 -4.00 1.00012163 1.00004142 0.99971517 1.00012178 0.99987836 0.99995852 1.00028490 0.99987822
1.50 -1.00 -3.00 -3.00 1.00021904 0.99977185 0.99979008 1.00021904 0.99978096 1.00022815 1.00020993 0.99978096
1.50 -1.00 -3.00 -2.00 1.00012667 0.99966689 1.00007970 1.00012674 0.99987333 1.00033316 0.99992025 0.99987326
1.50 -1.00 -3.00 -1.00 1.00008778 0.99974014 1.00008425 1.00008779 0.99991222 1.00025985 0.99991570 0.99991219
1.50 -1.00 -2.00 -4.00 1.00004278 1.00004106 0.99987339 1.00004278 0.99995722 0.99995892 1.00012664 0.99995722
1.50 -1.00 -2.00 -3.00 1.00009841 1.00006241 0.99974072 1.00009846 0.99990159 0.99993754 1.00025933 0.99990154
1.50 -1.00 -2.00 -2.00 1.00021050 0.99979146 0.99978754 1.00021050 0.99978950 1.00020855 1.00021245 0.99978950
1.50 -1.00 -2.00 -1.00 1.00014321 0.99962759 1.00008608 1.00014306 0.99985694 1.00037729 0.99990885 0.99985684
1.50 -1.00 -1.00 -4.00 1.00007554 1.00007525 0.99977360 1.00007560 0.99992446 0.99992474 1.00022639 0.99992439
1.50 -1.00 -1.00 -3.00 1.00007283 1.00007021 0.99978411 1.00007282 0.99992717 0.99992976 1.00021589 0.99992717
1.50 -1.00 -1.00 -2.00 1.00007541 1.00005049 0.99979861 1.00007550 0.99992459 0.99994946 1.00020145 0.99992450
1.50 -1.00 -1.00 -1.00 1.00021903 0.99980399 0.99975795 1.00021903 0.99978097 1.00019597 1.00024209 0.99978097
2.00 -4.00 -4.00 -4.00 1.00005774 0.99976436 0.99986958 0.86363194 0.99982022 1.00014819 0.99999995 0.86335528
2.00 -4.00 -4.00 -3.00 1.00022202 0.99941415 1.00014018 0.99995271 0.99977783 1.00058561 0.99985734 0.99950828
2.00 -4.00 -4.00 -2.00 1.00022311 0.99934116 1.00021433 1.00022064 0.99977689 1.00065759 0.99978689 0.99977788
2.00 -4.00 -4.00 -1.00 1.00080344 0.99933395 0.99993128 0.99993073 0.99919578 1.00066606 1.00006920 1.00006836
2.00 -4.00 -3.00 -4.00 1.00022202 1.00014026 0.99941406 0.99995273 0.99977782 0.99985725 1.00058571 0.99950830
2.00 -4.00 -3.00 -3.00 1.00022222 0.99977798 0.99977757 1.00022181 0.99977778 1.00022199 1.00022245 0.99977737
2.00 -4.00 -3.00 -2.00 1.00022366 0.99941416 1.00014070 1.00022148 0.99977634 1.00058585 0.99985928 0.99977852
2.00 -4.00 -3.00 -1.00 1.00080642 0.99933926 0.99992439 0.99992925 0.99919367 1.00066074 1.00007565 1.00006926
2.00 -4.00 -2.00 -4.00 1.00022300 1.00021314 0.99934204 1.00022182 0.99977700 0.99978686 1.00065796 0.99977818
2.00 -4.00 -2.00 -3.00 1.00022366 1.00014154 0.99941332 1.00022148 0.99977634 0.99985848 1.00058665 0.99977852
2.00 -4.00 -2.00 -2.00 1.00026835 0.99976894 0.99976426 1.00019727 0.99973165 1.00023119 1.00023545 0.99980054
2.00 -4.00 -2.00 -1.00 1.00083227 0.99938691 0.99986366 0.99991661 0.99916959 1.00061293 1.00013466 1.00008227
2.00 -4.00 -1.00 -4.00 1.00080439 0.99993041 0.99933388 0.99993074 0.99919910 1.00006695 1.00066612 1.00006725
2.00 -4.00 -1.00 -3.00 1.00080661 0.99992486 0.99933867 0.99992932 0.99919444 1.00007404 1.00066133 1.00006965
2.00 -4.00 -1.00 -2.00 1.00083176 0.99986938 0.99938159 0.99991656 0.99916779 1.00013118 1.00061847 1.00008185
2.00 -4.00 -1.00 -1.00 1.00099547 0.99959744 0.99957104 0.99983492 0.99900641 1.00040121 1.00042776 1.00016349
2.00 -3.00 -4.00 -4.00 1.00022093 0.99977823 0.99977873 1.00007415 0.99977820 1.00022147 1.00022098 0.99963139
2.00 -3.00 -4.00 -3.00 1.00022220 0.99941422 1.00014139 1.00022219 0.99977780 1.00058579 0.99985860 0.99977779
2.00 -3.00 -4.00 -2.00 1.00022222 0.99934214 1.00021341 1.00022222 0.99977778 1.00065787 0.99978658 0.99977778
2.00 -3.00 -4.00 -1.00 1.00022292 0.99933541 1.00021988 1.00022064 0.99977708 1.00066611 0.99977814 0.99977752
2.00 -3.00 -3.00 -4.00 1.00022218 1.00014145 0.99941420 1.00022217 0.99977782 0.99985853 1.00058583 0.99977781
2.00 -3.00 -3.00 -3.00 1.00022222 0.99977801 0.99977755 1.00022222 0.99977778 1.00022200 1.00022244 0.99977778
2.00 -3.00 -3.00 -2.00 1.00022222 0.99941424 1.00014132 1.00022222 0.99977778 1.00058580 0.99985865 0.99977778
2.00 -3.00 -3.00 -1.00 1.00022295 0.99933940 1.00021584 1.00022054 0.99977704 1.00065706 0.99978716 0.99977748
2.00 -3.00 -2.00 -4.00 1.00022222 1.00021351 0.99934205 1.00022222 0.99977778 0.99978649 1.00065795 0.99977778
2.00 -3.00 -2.00 -3.00 1.00022222 1.00014215 0.99941340 1.00022222 0.99977778 0.99985785 1.00058660 0.99977778
2.00 -3.00 -2.00 -2.00 1.00022222 0.99978002 0.99977553 1.00022222 0.99977778 1.00021999 1.00022445 0.99977778
2.00 -3.00 -2.00 -1.00 1.00022345 0.99941418 1.00014099 1.00022035 0.99977655 1.00058493 0.99985964 0.99977784
2.00 -3.00 -1.00 -4.00 1.00022279 1.00022115 0.99933413 1.00022194 0.99977721 0.99977885 1.00066587 0.99977806
2.00 -3.00 -1.00 -3.00 1.00022298 1.00021311 0.99934211 1.00022080 0.99977702 0.99978537 1.00065898 0.99977763
2.00 -3.00 -1.00 -2.00 1.00022345 1.00015608 0.99939896 1.00022107 0.99977655 0.99985375 1.00059113 0.99977814
2.00 -3.00 -1.00 -1.00 1.00024258 0.99979576 0.99974970 1.00021196 0.99975742 1.00020412 1.00025042 0.99978804
2.00 -2.00 -4.00 -4.00 1.00021953 0.99977641 0.99978452 1.00021953 0.99978047 1.00022359 1.00021548 0.99978047
2.00 -2.00 -4.00 -3.00 1.00021548 0.99943193 1.00013711 1.00021548 0.99978452 1.00056809 0.99986288 0.99978452
2.00 -2.00 -4.00 -2.00 1.00022181 0.99934337 1.00021302 1.00022181 0.99977819 1.00065664 0.99978698 0.99977819
2.00 -2.00 -4.00 -1.00 1.00022222 0.99933422 1.00022134 1.00022222 0.99977778 1.00066578 0.99977867 0.99977778
2.00 -2.00 -3.00 -4.00 1.00021095 1.00013430 0.99944379 1.00021095 0.99978905 0.99986568 1.00055622 0.99978905
2.00 -2.00 -3.00 -3.00 1.00022198 0.99977825 0.99977778 1.00022198 0.99977802 1.00022177 1.00022220 0.99977802
2.00 -2.00 -3.00 -2.00 1.00022203 0.99941471 1.00014123 1.00022203 0.99977797 1.00058527 0.99985878 0.99977797
2.00 -2.00 -3.00 -1.00 1.00022222 0.99934214 1.00021341 1.00022222 0.99977778 1.00065786 0.99978659 0.99977778
2.00 -2.00 -2.00 -4.00 1.00022172 1.00021302 0.99934355 1.00022172 0.99977828 0.99978697 1.00065646 0.99977828
2.00 -2.00 -2.00 -3.00 1.00022187 1.00014191 0.99941436 1.00022187 0.99977813 0.99985807 1.00058566 0.99977813
2.00 -2.00 -2.00 -2.00 1.00022222 0.99978004 0.99977553 1.00022222 0.99977778 1.00021999 1.00022444 0.99977778
2.00 -2.00 -2.00 -1.00 1.00022222 0.99941486 1.00014070 1.00022222 0.99977778 1.00058511 0.99985933 0.99977778
2.00 -2.00 -1.00 -4.00 1.00022222 1.00022142 0.99933413 1.00022222 0.99977778 0.99977858 1.00066587 0.99977778
2.00 -2.00 -1.00 -3.00 1.00022242 1.00021297 0.99934258 1.00022158 0.99977757 0.99978523 1.00065912 0.99977762
2.00 -2.00 -1.00 -2.00 1.00022222 1.00014890 0.99940666 1.00022222 0.99977778 0.99985119 1.00059325 0.99977778
2.00 -2.00 -1.00 -1.00 1.00022222 0.99980109 0.99975446 1.00022222 0.99977778 1.00019881 1.00024564 0.99977778
2.00 -1.00 -4.00 -4.00 1.00026684 0.99971581 0.99975023 1.00026712 0.99973316 1.00028419 1.00024976 0.99973288
2.00 -1.00 -4.00 -3.00 1.00012919 0.99967761 1.00006401 1.00012920 0.99987081 1.00032239 0.99993599 0.99987081
2.00 -1.00 -4.00 -2.00 1.00019321 0.99942804 1.00018555 1.00019321 0.99980679 1.00057198 0.99981444 0.99980679
2.00 -1.00 -4.00 -1.00 1.00021871 0.99934473 1.00021784 1.00021871 0.99978129 1.00065527 0.99978216 0.99978129
2.00 -1.00 -3.00 -4.00 1.00006477 1.00002722 0.99984324 1.00006477 0.99993523 0.99997277 1.00015677 0.99993523
2.00 -1.00 -3.00 -3.00 1.00021853 0.99978002 0.99978292 1.00021853 0.99978147 1.00021996 1.00021710 0.99978147
2.00 -1.00 -3.00 -2.00 1.00020635 0.99945603 1.00013127 1.00020635 0.99979365 1.00054395 0.99986876 0.99979365
2.00 -1.00 -3.00 -1.00 1.00021881 0.99935229 1.00021010 1.00021881 0.99978119 1.00064776 0.99978986 0.99978119
2.00 -1.00 -2.00 -4.00 1.00018848 1.00018108 0.99944196 1.00018848 0.99981152 0.99981891 1.00055805 0.99981152
2.00 -1.00 -2.00 -3.00 1.00019581 1.00012527 0.99948311 1.00019581 0.99980419 0.99987475 1.00051687 0.99980419
2.00 -1.00 -2.00 -2.00 1.00021987 0.99977944 0.99977065 1.00022005 0.99978010 1.00022056 1.00022940 0.99977995
2.00 -1.00 -2.00 -1.00 1.00022039 0.99941964 1.00013959 1.00022039 0.99977961 1.00058027 0.99986051 0.99977961
2.00 -1.00 -1.00 -4.00 1.00021845 1.00021766 0.99934544 1.00021845 0.99978155 0.99978234 1.00065456 0.99978155
2.00 -1.00 -1.00 -3.00 1.00021930 1.00021146 0.99934993 1.00021930 0.99978070 0.99978852 1.00065009 0.99978070
2.00 -1.00 -1.00 -2.00 1.00021905 1.00014672 0.99941518 1.00021905 0.99978095 0.99985330 1.00058481 0.99978095
2.00 -1.00 -1.00 -1.00 1.00022219 0.99980104 0.99975458 1.00022219 0.99977781 1.00019876 1.00024562 0.99977781
