0.00 -4.00 -4.00 -4.00 1.00014502 1.00019079 0.99967030 0.00497295 0.99837197 0.99834785 0.99826344 0.00199581
0.00 -4.00 -4.00 -3.00 0.99954951 0.99891029 0.99710428 0.01156891 0.99763231 0.99788327 0.99727079 0.00634662
0.00 -4.00 -4.00 -2.00 0.99891124 0.99647890 0.97272028 0.06557015 0.99662363 0.99493864 0.97455687 0.05956143
0.00 -4.00 -4.00 -1.00 0.96675595 0.97787526 0.89812230 0.57694286 0.96699981 0.98023899 0.89664460 0.56781299
0.00 -4.00 -3.00 -4.00 0.99997163 0.99665558 0.99993439 0.01040208 0.99789601 0.99737199 0.99758433 0.00611135
0.00 -4.00 -3.00 -3.00 0.99996292 0.99666697 0.99691907 0.01551651 0.99755570 0.99648069 0.99655326 0.01047582
0.00 -4.00 -3.00 -2.00 0.99841318 0.99622461 0.97294393 0.06486382 0.99595463 0.99392863 0.97501839 0.05954388
0.00 -4.00 -3.00 -1.00 0.98140419 0.96490796 0.89628580 0.56494132 0.98001545 0.96477345 0.89690562 0.55784475
0.00 -4.00 -2.00 -4.00 0.99912324 0.97473350 0.99467469 0.06181055 0.99667242 0.97494971 0.99671041 0.05400944
0.00 -4.00 -2.00 -3.00 0.99919480 0.97334978 0.99513916 0.06497654 0.99665445 0.97498209 0.99409858 0.05892516
0.00 -4.00 -2.00 -2.00 0.99783270 0.97100240 0.97051996 0.13750437 0.99576762 0.97089493 0.97041230 0.13178459
0.00 -4.00 -2.00 -1.00 0.99323341 0.97965080 0.86755582 0.58105635 0.99038708 0.97797690 0.86960929 0.57552310
0.00 -4.00 -1.00 -4.00 0.96554706 0.91249266 0.95837240 0.57058682 0.96740393 0.91259895 0.95607561 0.56292045
0.00 -4.00 -1.00 -3.00 0.97727155 0.90841068 0.94706820 0.56734731 0.97976164 0.90690915 0.94695561 0.55847135
0.00 -4.00 -1.00 -2.00 0.95710632 0.93367688 0.94724237 0.61290026 0.95581130 0.93402743 0.94755705 0.60553006
0.00 -4.00 -1.00 -1.00 0.99147529 0.92557797 0.93064030 0.77459532 0.98959169 0.92564700 0.93055668 0.76849351
0.00 -3.00 -4.00 -4.00 0.99604254 1.00038276 0.99979795 0.01169000 0.99736675 0.99747954 0.99803892 0.00702804
0.00 -3.00 -4.00 -3.00 0.99665495 0.99990123 0.99686420 0.01668683 0.99645974 0.99759542 0.99650925 0.01154280
0.00 -3.00 -4.00 -2.00 0.99637513 0.99610774 0.97276854 0.07355518 0.99433347 0.99531718 0.97397614 0.06717980
0.00 -3.00 -4.00 -1.00 0.95906886 0.94317821 0.93235141 0.56760785 0.95930152 0.94288754 0.93236734 0.55964993
0.00 -3.00 -3.00 -4.00 0.99631084 0.99712286 0.99935560 0.01732496 0.99647494 0.99659925 0.99754581 0.01149426
0.00 -3.00 -3.00 -3.00 0.99713374 0.99689275 0.99699496 0.02130992 0.99592432 0.99589976 0.99596452 0.01654277
0.00 -3.00 -3.00 -2.00 0.99651130 0.99556457 0.97203729 0.07564976 0.99489323 0.99346222 0.97342918 0.06997830
0.00 -3.00 -3.00 -1.00 0.98811555 0.95444664 0.89572582 0.57230848 0.98350007 0.95504031 0.89769570 0.56636041
0.00 -3.00 -2.00 -4.00 0.99655464 0.97067288 0.99972756 0.06649380 0.99549731 0.97233037 0.99710853 0.06051267
0.00 -3.00 -2.00 -3.00 0.99672369 0.97055263 0.99563645 0.07810852 0.99486772 0.97185547 0.99411320 0.07218490
0.00 -3.00 -2.00 -2.00 0.99595111 0.97065210 0.96901770 0.15134181 0.99383497 0.97048615 0.96889073 0.14575088
0.00 -3.00 -2.00 -1.00 0.98075468 0.96321100 0.89754557 0.59981234 0.97969437 0.96218882 0.89842261 0.59301779
0.00 -3.00 -1.00 -4.00 0.99231998 0.85711943 0.99464351 0.56924968 0.99059466 0.85980290 0.99083765 0.56409739
0.00 -3.00 -1.00 -3.00 0.99258080 0.86077785 0.99305239 0.57083830 0.98977249 0.86342322 0.99044559 0.56560803
0.00 -3.00 -1.00 -2.00 0.98706532 0.91484973 0.93827258 0.60111395 0.98364752 0.91617139 0.93864112 0.59484154
0.00 -3.00 -1.00 -1.00 0.98750824 0.92276817 0.93705692 0.78543367 0.98380730 0.92339630 0.93752506 0.78003833
0.00 -2.00 -4.00 -4.00 0.97766815 0.99388059 0.99285104 0.08681843 0.97887300 0.99234222 0.99188253 0.08012046
0.00 -2.00 -4.00 -3.00 0.98190647 0.99060174 0.99016898 0.09094073 0.98303690 0.98868954 0.98962251 0.08426897
0.00 -2.00 -4.00 -2.00 0.98665967 0.96247128 0.98811882 0.16701459 0.98590640 0.96411115 0.98714323 0.15910459
0.00 -2.00 -4.00 -1.00 0.97977238 0.96498751 0.89838734 0.61691342 0.97976668 0.96526564 0.89815535 0.60887299
0.00 -2.00 -3.00 -4.00 0.97740449 0.98844540 0.99667913 0.08955781 0.97833146 0.98965610 0.99346813 0.08263114
0.00 -2.00 -3.00 -3.00 0.97025639 0.99594273 0.99576586 0.09891268 0.97179218 0.99314911 0.99498092 0.09295545
0.00 -2.00 -3.00 -2.00 0.98230636 0.99408398 0.96052405 0.16879424 0.98212494 0.99227333 0.96049637 0.16281400
0.00 -2.00 -3.00 -1.00 0.95802340 0.94531832 0.93315052 0.61098607 0.95673848 0.94575893 0.93348962 0.60349127
0.00 -2.00 -2.00 -4.00 0.97596908 0.96845016 0.99140246 0.16305891 0.97577068 0.96859895 0.99105560 0.15545538
0.00 -2.00 -2.00 -3.00 0.97897569 0.98555383 0.97204832 0.15922632 0.97900959 0.98464138 0.97212548 0.15202770
0.00 -2.00 -2.00 -2.00 0.96939168 0.97091821 0.97404340 0.24405232 0.96932449 0.97044107 0.97349500 0.23714505
0.00 -2.00 -2.00 -1.00 0.98041160 0.96246230 0.89934716 0.62554370 0.98234955 0.96072234 0.89891780 0.61777507
0.00 -2.00 -1.00 -4.00 0.94827709 0.93546660 0.95642127 0.62063049 0.94766807 0.93540133 0.95698678 0.61273927
0.00 -2.00 -1.00 -3.00 0.93247689 0.93885412 0.96229251 0.62114539 0.93300130 0.93841756 0.96286368 0.61248637
0.00 -2.00 -1.00 -2.00 0.96530915 0.91888421 0.95865199 0.65128866 0.96644732 0.91886360 0.95674007 0.64408304
0.00 -2.00 -1.00 -1.00 0.98554377 0.92844343 0.94109519 0.80782858 0.98445721 0.92825627 0.93986091 0.80233657
0.00 -1.00 -4.00 -4.00 0.92475477 0.97155792 0.96503198 0.71957373 0.92649700 0.96861027 0.96433508 0.71347604
0.00 -1.00 -4.00 -3.00 0.92649045 0.96215737 0.96775626 0.71809435 0.92728161 0.96209992 0.96601742 0.71109947
0.00 -1.00 -4.00 -2.00 0.92439657 0.96426395 0.95968639 0.71163561 0.92514195 0.96351303 0.95842796 0.70489958
0.00 -1.00 -4.00 -1.00 0.94852980 0.96833487 0.95553742 0.86692825 0.94819968 0.96701243 0.95593353 0.86018470
0.00 -1.00 -3.00 -4.00 0.92293421 0.97933964 0.96021583 0.73546518 0.92259210 0.97746007 0.96204440 0.72785830
0.00 -1.00 -3.00 -3.00 0.93410281 0.96242500 0.96553244 0.73194433 0.93323267 0.96082682 0.96791727 0.72402782
0.00 -1.00 -3.00 -2.00 0.92454803 0.96350535 0.95829800 0.71856365 0.92565315 0.96208225 0.95740410 0.71177552
0.00 -1.00 -3.00 -1.00 0.95749427 0.95422750 0.96181995 0.86758419 0.95625487 0.95536870 0.96021505 0.86128730
0.00 -1.00 -2.00 -4.00 0.93616875 0.95611979 0.94982885 0.72011237 0.93649476 0.95586209 0.94937831 0.71249461
0.00 -1.00 -2.00 -3.00 0.91996930 0.97323497 0.95937830 0.72350789 0.92032645 0.97056133 0.96072354 0.71647914
0.00 -1.00 -2.00 -2.00 0.93263091 0.96829382 0.96235982 0.76610423 0.93353665 0.96702540 0.96132502 0.75950171
0.00 -1.00 -2.00 -1.00 0.95569136 0.94185480 0.96266254 0.85766180 0.95526648 0.94508250 0.96047967 0.84904185
0.00 -1.00 -1.00 -4.00 0.95623953 0.95771423 0.95058251 0.85376786 0.95662196 0.95765839 0.95053303 0.84549075
0.00 -1.00 -1.00 -3.00 0.94390850 0.96079201 0.96094310 0.85670429 0.94425062 0.95993620 0.96006009 0.85010099
0.00 -1.00 -1.00 -2.00 0.94445026 0.95496162 0.97757635 0.85525165 0.94250462 0.95227961 0.98243808 0.84701757
0.00 -1.00 -1.00 -1.00 0.96246166 0.96486343 0.96913258 0.90512301 0.96120367 0.96373161 0.96723437 0.90141105
0.50 -4.00 -4.00 -4.00 0.99986117 1.00015674 1.00010254 0.00795605 0.99894424 0.99882369 0.99885110 0.00345748
0.50 -4.00 -4.00 -3.00 1.00048109 1.00068348 0.99506627 0.01930042 0.99844976 0.99845483 0.99673678 0.01388989
0.50 -4.00 -4.00 -2.00 1.00032419 1.00103701 0.96219021 0.15491805 0.99843614 0.99846888 0.96437870 0.14918574
0.50 -4.00 -4.00 -1.00 0.97554075 0.98481698 0.97981072 0.87484574 0.97706220 0.98280732 0.97960512 0.86753957
0.50 -4.00 -3.00 -4.00 1.00053396 0.99506254 1.00058528 0.01939955 0.99844859 0.99675470 0.99841000 0.01396804
0.50 -4.00 -3.00 -3.00 1.00058341 0.99599323 0.99607515 0.03109528 0.99831927 0.99588107 0.99595263 0.02559411
0.50 -4.00 -3.00 -2.00 1.00035933 0.99802802 0.96243242 0.17503539 0.99864081 0.99590548 0.96416076 0.16914811
0.50 -4.00 -3.00 -1.00 0.99986534 1.00093345 0.94398769 0.87172735 0.99902754 0.99854458 0.94535989 0.86558183
0.50 -4.00 -2.00 -4.00 0.99722351 0.96649408 0.99972241 0.15850251 0.99580930 0.96791734 0.99794408 0.15227179
0.50 -4.00 -2.00 -3.00 1.00032276 0.96332713 0.99720964 0.17285510 0.99890988 0.96492459 0.99500066 0.16687951
0.50 -4.00 -2.00 -2.00 1.00054223 0.96873973 0.97070275 0.30929013 0.99870959 0.96873923 0.97056191 0.30326411
0.50 -4.00 -2.00 -1.00 0.99709260 0.99571912 0.95600153 0.89029790 0.99487075 0.99431821 0.95745167 0.88447052
0.50 -4.00 -1.00 -4.00 0.97411749 0.97122109 0.99692366 0.87613299 0.97611446 0.96997234 0.99607441 0.86823401
0.50 -4.00 -1.00 -3.00 1.00000667 0.94564216 1.00095919 0.87562320 0.99844942 0.94756956 0.99811100 0.87010124
0.50 -4.00 -1.00 -2.00 0.99879413 0.95372139 0.99746470 0.89260915 0.99611268 0.95566842 0.99558446 0.88722381
0.50 -4.00 -1.00 -1.00 0.99944492 0.99266222 0.98571504 0.97423855 0.99775318 0.99219677 0.98541941 0.96869638
0.50 -3.00 -4.00 -4.00 0.99558778 1.00051981 1.00056512 0.02327647 0.99723329 0.99850161 0.99849659 0.01771768
0.50 -3.00 -4.00 -3.00 0.99607323 1.00059961 0.99660770 0.03532894 0.99605764 0.99850766 0.99621277 0.02983141
0.50 -3.00 -4.00 -2.00 0.99791019 1.00067938 0.96356323 0.17925278 0.99575517 0.99860126 0.96543161 0.17362253
0.50 -3.00 -4.00 -1.00 0.97084073 0.98929800 0.98080023 0.87751440 0.97056078 0.98802858 0.98122033 0.87064366
0.50 -3.00 -3.00 -4.00 0.99609825 0.99650449 1.00068872 0.03544189 0.99616561 0.99633778 0.99821259 0.03001737
0.50 -3.00 -3.00 -3.00 0.99621077 0.99673819 0.99685031 0.04789032 0.99563615 0.99584644 0.99584888 0.04235811
0.50 -3.00 -3.00 -2.00 0.99713701 0.99807333 0.96455377 0.19703881 0.99524926 0.99605299 0.96623885 0.19108541
0.50 -3.00 -3.00 -1.00 0.98520382 0.99096227 0.97024082 0.88720890 0.98628259 0.98911100 0.97008526 0.88013695
0.50 -3.00 -2.00 -4.00 0.99675593 0.96419209 1.00091521 0.17672404 0.99537571 0.96584272 0.99855547 0.17080738
0.50 -3.00 -2.00 -3.00 0.98247332 0.98680743 0.98932737 0.19353074 0.98192507 0.98644264 0.98954128 0.18622987
0.50 -3.00 -2.00 -2.00 0.99750250 0.97002680 0.97180577 0.32635848 0.99573932 0.96988927 0.97173480 0.32033016
0.50 -3.00 -2.00 -1.00 0.99977445 0.99383949 0.95540763 0.89099743 0.99875264 0.99181813 0.95647250 0.88497573
0.50 -3.00 -1.00 -4.00 0.99711934 0.96346931 0.98345800 0.87842409 0.99577252 0.96363072 0.98362933 0.87143816
0.50 -3.00 -1.00 -3.00 0.98285497 0.97117209 0.99113359 0.88171643 0.98131787 0.97236641 0.98985070 0.87534210
0.50 -3.00 -1.00 -2.00 0.99902756 0.95146869 0.99853487 0.88949360 0.99786897 0.95261677 0.99633851 0.88370046
0.50 -3.00 -1.00 -1.00 1.00109018 0.99132699 0.99236234 0.97763711 0.99866474 0.99056456 0.99149667 0.97369064
0.50 -2.00 -4.00 -4.00 0.97051366 1.00037191 1.00032169 0.20463966 0.97266936 0.99815034 0.99801723 0.19900999
0.50 -2.00 -4.00 -3.00 0.96967841 1.00030926 0.99834864 0.21220546 0.97139717 0.99821161 0.99671921 0.20621378
0.50 -2.00 -4.00 -2.00 0.98642359 0.98522846 0.97667874 0.36319870 0.98638514 0.98351419 0.97724099 0.35638916
0.50 -2.00 -4.00 -1.00 0.97549172 0.98915092 0.98882312 0.91087340 0.97484812 0.98978094 0.98806502 0.90364507
0.50 -2.00 -3.00 -4.00 0.97043358 0.99844716 1.00018270 0.22891566 0.97203048 0.99654431 0.99852814 0.22287617
0.50 -2.00 -3.00 -3.00 0.97426119 0.99378035 0.99666797 0.23786740 0.97471806 0.99403454 0.99551052 0.23031378
0.50 -2.00 -3.00 -2.00 0.97939150 0.98820709 0.97448604 0.36032081 0.97904707 0.98777025 0.97422121 0.35336691
0.50 -2.00 -3.00 -1.00 0.98473954 0.99711226 0.97292759 0.90448283 0.98312587 0.99521568 0.97404470 0.89887597
0.50 -2.00 -2.00 -4.00 0.98427939 0.97399552 0.99147143 0.37743498 0.98391475 0.97507831 0.98973577 0.37045250
0.50 -2.00 -2.00 -3.00 0.98437231 0.98793882 0.97245971 0.35003094 0.98360104 0.98687628 0.97347506 0.34284939
0.50 -2.00 -2.00 -2.00 0.99207520 0.98875789 0.95649898 0.49505482 0.99147461 0.98763359 0.95744444 0.48783424
0.50 -2.00 -2.00 -1.00 0.99774048 0.99618626 0.96487415 0.91665218 0.99677129 0.99450462 0.96554021 0.91063696
0.50 -2.00 -1.00 -4.00 0.99553810 0.96077243 0.99981016 0.90474700 0.99488882 0.96188383 0.99747467 0.89862037
0.50 -2.00 -1.00 -3.00 0.99607064 0.96899156 0.98939634 0.90524322 0.99423215 0.96972872 0.98856459 0.89917630
0.50 -2.00 -1.00 -2.00 0.99384329 0.97419111 0.99033531 0.91740439 0.99333604 0.97449529 0.98882927 0.91111349
0.50 -2.00 -1.00 -1.00 0.99994466 0.99266334 0.99427946 0.98227914 0.99763885 0.99195691 0.99342173 0.97817011
0.50 -1.00 -4.00 -4.00 0.97901986 0.99536847 0.99100457 0.93706034 0.97954688 0.99379338 0.99075054 0.93036244
0.50 -1.00 -4.00 -3.00 0.98526981 0.99703738 0.99897049 0.96033573 0.98629386 0.99622224 0.99655591 0.95454139
0.50 -1.00 -4.00 -2.00 0.98163208 0.99714013 0.98811829 0.94681961 0.98226448 0.99459864 0.98840149 0.94044551
0.50 -1.00 -4.00 -1.00 0.99717596 0.99734293 0.99863527 0.99398768 0.99599244 0.99710996 0.99698170 0.98905773
0.50 -1.00 -3.00 -4.00 0.98901669 0.99714263 0.99700154 0.96309098 0.99010402 0.99517640 0.99562116 0.95735026
0.50 -1.00 -3.00 -3.00 0.98122024 0.99959908 0.99874772 0.95385612 0.98275367 0.99750305 0.99675499 0.94841144
0.50 -1.00 -3.00 -2.00 0.98065721 0.99701566 0.99792595 0.95054897 0.97909774 1.00029913 0.99670831 0.94204261
0.50 -1.00 -3.00 -1.00 0.99798148 0.99798796 0.99724900 0.99490074 0.99662108 0.99750506 0.99624230 0.98975074
0.50 -1.00 -2.00 -4.00 0.98372296 0.99719914 0.99311601 0.95519359 0.98415983 0.99484946 0.99308763 0.94913477
0.50 -1.00 -2.00 -3.00 0.99108040 0.99525885 0.99490449 0.96638268 0.99152466 0.99336842 0.99414614 0.96058719
0.50 -1.00 -2.00 -2.00 0.97802033 0.99479912 0.99696134 0.94472235 0.97813542 0.99652957 0.99381383 0.93802431
0.50 -1.00 -2.00 -1.00 0.99688737 0.99854791 0.99815504 0.99530503 0.99602677 0.99880513 0.99664340 0.98942006
0.50 -1.00 -1.00 -4.00 0.99843372 0.99797071 0.99690188 0.99481431 0.99687156 0.99679594 0.99675319 0.98969993
0.50 -1.00 -1.00 -3.00 0.99766515 0.99814081 0.99705393 0.99447591 0.99673134 0.99647672 0.99670623 0.98942151
0.50 -1.00 -1.00 -2.00 0.99815352 0.99656326 0.99905538 0.99390391 0.99672653 0.99524721 0.99928175 0.98842059
0.50 -1.00 -1.00 -1.00 0.99875278 0.99880894 1.00049691 0.99757461 0.99775465 0.99792414 0.99737203 0.99458241
1.00 -4.00 -4.00 -4.00 1.00126780 1.00129442 1.00127728 0.00047246 0.99869511 0.99866836 0.99867267 0.00027581
1.00 -4.00 -4.00 -3.00 1.00127062 1.00102305 1.00095605 0.00194202 0.99868571 0.99876555 0.99866823 0.00107225
1.00 -4.00 -4.00 -2.00 1.00100508 1.00100710 0.97087934 0.38171020 0.99843062 0.99849319 0.97334534 0.37633258
1.00 -4.00 -4.00 -1.00 1.00128189 1.00107381 0.99714312 0.99656153 0.99871250 0.99892195 0.99859686 0.99182905
1.00 -4.00 -3.00 -4.00 1.00127749 1.00095423 1.00101527 0.00194510 0.99868135 0.99867043 0.99876706 0.00107326
1.00 -4.00 -3.00 -3.00 1.00023457 0.99620770 0.99722985 0.01489531 0.99825145 0.99516897 0.99744843 0.00969858
1.00 -4.00 -3.00 -2.00 1.00098409 0.99851571 0.97245462 0.41335514 0.99848134 0.99634588 0.97450598 0.40797636
1.00 -4.00 -3.00 -1.00 1.00120851 1.00054046 0.99688578 0.99583934 0.99878335 0.99940752 0.99782352 0.99045970
1.00 -4.00 -2.00 -4.00 1.00101813 0.97074717 1.00100859 0.37892630 0.99842072 0.97322015 0.99849162 0.37356771
1.00 -4.00 -2.00 -3.00 1.00099798 0.97217522 0.99850126 0.40777242 0.99846174 0.97419837 0.99639712 0.40238966
1.00 -4.00 -2.00 -2.00 1.00112954 0.98447835 0.98471511 0.65990196 0.99856128 0.98445450 0.98464950 0.65455968
1.00 -4.00 -2.00 -1.00 1.00112838 1.00046912 0.99773209 0.99707964 0.99886911 0.99914227 0.99846265 0.99193520
1.00 -4.00 -1.00 -4.00 1.00130437 0.99667533 1.00105517 0.99579383 0.99869067 0.99825521 0.99893991 0.99094292
1.00 -4.00 -1.00 -3.00 1.00124435 0.99634657 1.00094436 0.99503222 0.99875072 0.99776740 0.99900396 0.99004542
1.00 -4.00 -1.00 -2.00 1.00125052 0.99782777 1.00038460 0.99725508 0.99874371 0.99850841 0.99928701 0.99217885
1.00 -4.00 -1.00 -1.00 1.00133971 1.00018752 1.00033604 0.99857420 0.99865827 0.99929706 0.99920453 0.99527761
1.00 -3.00 -4.00 -4.00 1.00080058 1.00117600 1.00111235 0.00254997 0.99873980 0.99873325 0.99876883 0.00139703
1.00 -3.00 -4.00 -3.00 0.99658265 0.99915713 0.99838766 0.01358847 0.99664128 0.99736380 0.99826103 0.00744980
1.00 -3.00 -4.00 -2.00 0.99847869 1.00066139 0.97400942 0.42440970 0.99638091 0.99879171 0.97570097 0.41868562
1.00 -3.00 -4.00 -1.00 1.00119034 1.00095679 0.99694755 0.99610242 0.99876537 0.99903590 0.99823839 0.99115744
1.00 -3.00 -3.00 -4.00 0.99929289 0.99699051 0.99964306 0.01222321 0.99797349 0.99591213 0.99791025 0.00835380
1.00 -3.00 -3.00 -3.00 0.99663294 0.99691366 0.99656501 0.10669824 0.99602663 0.99590325 0.99625458 0.10062538
1.00 -3.00 -3.00 -2.00 0.99854878 0.99850520 0.97525471 0.45268952 0.99650244 0.99683582 0.97667414 0.44698581
1.00 -3.00 -3.00 -1.00 1.00119394 1.00104647 0.99683997 0.99603580 0.99876242 0.99890089 0.99834744 0.99110543
1.00 -3.00 -2.00 -4.00 0.99841263 0.97384974 1.00081998 0.42264355 0.99648083 0.97562651 0.99866499 0.41695357
1.00 -3.00 -2.00 -3.00 0.99858861 0.97508472 0.99853181 0.45139651 0.99652692 0.97657583 0.99686546 0.44563345
1.00 -3.00 -2.00 -2.00 0.99959753 0.98605041 0.98628148 0.68798058 0.99750687 0.98590306 0.98608155 0.68241852
1.00 -3.00 -2.00 -1.00 1.00112559 1.00047253 0.99782310 0.99721817 0.99883339 0.99916297 0.99855047 0.99209255
1.00 -3.00 -1.00 -4.00 1.00119809 0.99685132 1.00106614 0.99605679 0.99875625 0.99833972 0.99892841 0.99114797
1.00 -3.00 -1.00 -3.00 1.00117069 0.99724771 1.00064939 0.99647725 0.99878706 0.99817999 0.99930801 0.99126997
1.00 -3.00 -1.00 -2.00 1.00121708 0.99750183 1.00024697 0.99670002 0.99874199 0.99818782 0.99936382 0.99137227
1.00 -3.00 -1.00 -1.00 1.00128856 1.00026880 1.00031105 0.99868044 0.99870505 0.99926382 0.99924101 0.99533898
1.00 -2.00 -4.00 -4.00 0.98131019 1.00112126 1.00102730 0.51744754 0.98370900 0.99853128 0.99861486 0.51205114
1.00 -2.00 -4.00 -3.00 0.98205684 1.00077974 0.99932457 0.53538173 0.98380348 0.99879669 0.99734216 0.52960056
1.00 -2.00 -4.00 -2.00 0.98847416 1.00022425 0.98956738 0.71959545 0.98834371 0.99941913 0.98928852 0.71280987
1.00 -2.00 -4.00 -1.00 1.00050750 1.00129308 0.99811003 0.99774870 0.99919086 0.99870321 0.99901059 0.99275465
1.00 -2.00 -3.00 -4.00 0.98211736 0.99916705 1.00088991 0.53586503 0.98381063 0.99745103 0.99869458 0.53008310
1.00 -2.00 -3.00 -3.00 0.98278407 0.99948162 0.99909208 0.55786954 0.98418304 0.99737275 0.99769396 0.55197755
1.00 -2.00 -3.00 -2.00 0.98948115 0.99950755 0.99011449 0.74176805 0.98930670 0.99847741 0.98982233 0.73526481
1.00 -2.00 -3.00 -1.00 1.00052223 1.00118512 0.99841110 0.99808927 0.99921343 0.99879129 0.99905089 0.99315211
1.00 -2.00 -2.00 -4.00 0.98894439 0.98798036 1.00023756 0.70635772 0.98877412 0.98801501 0.99901174 0.69971915
1.00 -2.00 -2.00 -3.00 0.98806419 0.98900748 0.99950105 0.71232065 0.98798276 0.98875705 0.99855891 0.70559466
1.00 -2.00 -2.00 -2.00 0.99440603 0.99434581 0.99464193 0.86088945 0.99358115 0.99433923 0.99387723 0.85448562
1.00 -2.00 -2.00 -1.00 1.00066582 1.00021434 0.99916981 0.99896296 0.99913260 0.99925070 0.99903880 0.99359083
1.00 -2.00 -1.00 -4.00 1.00058316 0.99844123 1.00074455 0.99806153 0.99912751 0.99870878 0.99924904 0.99274513
1.00 -2.00 -1.00 -3.00 1.00057758 0.99849710 1.00079508 0.99817959 0.99913829 0.99890110 0.99916972 0.99284024
1.00 -2.00 -1.00 -2.00 1.00062679 0.99852891 1.00082657 0.99805294 0.99911240 0.99899254 0.99893997 0.99299031
1.00 -2.00 -1.00 -1.00 1.00106400 1.00035527 1.00042235 0.99884977 0.99889587 0.99924284 0.99921649 0.99533619
1.00 -1.00 -4.00 -4.00 0.99949302 1.00124034 1.00132887 0.99927829 1.00015261 0.99875904 0.99867110 0.99575777
1.00 -1.00 -4.00 -3.00 0.99934179 1.00098363 1.00157840 0.99911762 1.00017821 0.99901350 0.99839722 0.99543252
1.00 -1.00 -4.00 -2.00 0.99907209 1.00068732 1.00029991 0.99875545 0.99917457 0.99909962 0.99918550 0.99335508
1.00 -1.00 -4.00 -1.00 1.00057772 1.00009333 1.00057342 1.00028059 0.99920159 0.99990260 0.99923049 0.99519039
1.00 -1.00 -3.00 -4.00 0.99786623 1.00095683 1.00145262 0.99741211 0.99931371 0.99895289 0.99852349 0.99289771
1.00 -1.00 -3.00 -3.00 0.99895818 1.00121461 1.00121655 0.99887454 1.00008270 0.99877412 0.99876579 0.99464127
1.00 -1.00 -3.00 -2.00 0.99921833 1.00105893 1.00070580 0.99903490 0.99967836 0.99888928 0.99921729 0.99423302
1.00 -1.00 -3.00 -1.00 1.00057562 1.00034751 1.00060508 0.99989576 0.99917832 0.99964756 0.99919612 0.99540196
1.00 -1.00 -2.00 -4.00 0.99897098 1.00109669 1.00042081 0.99873408 0.99932392 0.99869823 0.99943584 0.99376458
1.00 -1.00 -2.00 -3.00 0.99920480 1.00093658 1.00035950 0.99898862 0.99928151 0.99886114 0.99944186 0.99390499
1.00 -1.00 -2.00 -2.00 0.99986235 1.00091813 1.00052172 0.99966586 0.99962788 0.99903209 0.99939677 0.99491131
1.00 -1.00 -2.00 -1.00 1.00047317 1.00065767 1.00053662 0.99962735 0.99928802 0.99932330 0.99924246 0.99544102
1.00 -1.00 -1.00 -4.00 1.00071686 1.00071477 0.99985892 1.00021318 0.99906655 0.99909568 1.00013741 0.99520409
1.00 -1.00 -1.00 -3.00 1.00064511 1.00065618 1.00020407 1.00026946 0.99918300 0.99919822 0.99978937 0.99560422
1.00 -1.00 -1.00 -2.00 1.00036605 1.00042306 1.00090552 0.99961187 0.99939632 0.99936033 0.99907898 0.99547086
1.00 -1.00 -1.00 -1.00 1.00051287 1.00093925 1.00072797 1.00013417 0.99926436 0.99888320 0.99907856 0.99710913
1.50 -4.00 -4.00 -4.00 0.99982219 1.00011499 0.99993499 0.01633875 0.99937558 0.99909302 0.99926744 0.01047488
1.50 -4.00 -4.00 -3.00 1.00032234 1.00068585 0.99531281 0.08568349 0.99885953 0.99852446 0.99675197 0.07986853
1.50 -4.00 -4.00 -2.00 1.00105239 1.00114879 0.98779834 0.75646998 0.99871990 0.99863618 0.99010603 0.75100739
1.50 -4.00 -4.00 -1.00 1.00131495 1.00130768 1.00025313 1.00024870 0.99868099 0.99869663 0.99950734 0.99823949
1.50 -4.00 -3.00 -4.00 1.00033474 0.99530368 1.00068357 0.08543088 0.99884819 0.99675631 0.99852739 0.07962097
1.50 -4.00 -3.00 -3.00 1.00064399 0.99639411 0.99642225 0.17029573 0.99860656 0.99628699 0.99628340 0.16457913
1.50 -4.00 -3.00 -2.00 1.00109666 1.00011044 0.98949256 0.78977175 0.99870675 0.99798790 0.99139485 0.78438192
1.50 -4.00 -3.00 -1.00 1.00131727 1.00132194 1.00025158 1.00023761 0.99868247 0.99867605 0.99950967 0.99826021
1.50 -4.00 -2.00 -4.00 1.00104318 0.98775815 1.00119276 0.75554912 0.99872817 0.99006293 0.99859453 0.75015760
1.50 -4.00 -2.00 -3.00 1.00106923 0.98945232 1.00015653 0.78928152 0.99873302 0.99136968 0.99796039 0.78389651
1.50 -4.00 -2.00 -2.00 1.00123036 0.99791538 0.99795554 0.95515031 0.99872485 0.99778999 0.99781194 0.94992481
1.50 -4.00 -2.00 -1.00 1.00130622 1.00121639 1.00037736 1.00027937 0.99869322 0.99876203 0.99940343 0.99832066
1.50 -4.00 -1.00 -4.00 1.00131086 1.00024843 1.00132364 1.00024439 0.99868905 0.99951003 0.99867761 0.99825064
1.50 -4.00 -1.00 -3.00 1.00130318 1.00028003 1.00127967 1.00026741 0.99869255 0.99948302 0.99872153 0.99823319
1.50 -4.00 -1.00 -2.00 1.00130302 1.00037014 1.00121922 1.00028042 0.99869113 0.99940914 0.99876798 0.99830455
1.50 -4.00 -1.00 -1.00 1.00132875 1.00084123 1.00089019 1.00038618 0.99866938 0.99903266 0.99899792 0.99874639
1.50 -3.00 -4.00 -4.00 0.99610790 1.00056845 1.00035511 0.11771384 0.99743474 0.99877575 0.99897742 0.11155739
1.50 -3.00 -4.00 -3.00 0.99688772 1.00007969 0.99703061 0.20371671 0.99680947 0.99925945 0.99681497 0.19683084
1.50 -3.00 -4.00 -2.00 0.99966698 1.00086278 0.99043530 0.79761956 0.99850155 0.99894221 0.99170569 0.79143518
1.50 -3.00 -4.00 -1.00 1.00113338 1.00133034 1.00033982 1.00032803 0.99886396 0.99866902 0.99942345 0.99817514
1.50 -3.00 -3.00 -4.00 0.99688050 0.99690800 1.00019212 0.20392711 0.99684025 0.99689787 0.99915127 0.19701836
1.50 -3.00 -3.00 -3.00 0.99713196 0.99748251 0.99733831 0.28444128 0.99688983 0.99677357 0.99700567 0.27772499
1.50 -3.00 -3.00 -2.00 0.99986699 0.99998289 0.99174629 0.82544419 0.99854288 0.99846622 0.99276629 0.81926497
1.50 -3.00 -3.00 -1.00 1.00114909 1.00129302 1.00035498 1.00033799 0.99884834 0.99870242 0.99941176 0.99817256
1.50 -3.00 -2.00 -4.00 0.99946461 0.99018398 1.00106960 0.79296652 0.99865209 0.99154631 0.99874794 0.78673838
1.50 -3.00 -2.00 -3.00 0.99968558 0.99171842 1.00020550 0.82564154 0.99871804 0.99279505 0.99827271 0.81946524
1.50 -3.00 -2.00 -2.00 1.00067831 0.99829739 0.99833909 0.96236779 0.99895296 0.99811222 0.99809021 0.95652719
1.50 -3.00 -2.00 -1.00 1.00118301 1.00120041 1.00044204 1.00036199 0.99881465 0.99877590 0.99934385 0.99825305
1.50 -3.00 -1.00 -4.00 1.00111752 1.00035537 1.00131122 1.00034380 0.99887981 0.99940772 0.99868820 0.99815217
1.50 -3.00 -1.00 -3.00 1.00112895 1.00037337 1.00128261 1.00035632 0.99886891 0.99938870 0.99871764 0.99816601
1.50 -3.00 -1.00 -2.00 1.00114356 1.00046092 1.00121617 1.00036451 0.99885366 0.99933885 0.99874659 0.99824607
1.50 -3.00 -1.00 -1.00 1.00122689 1.00086845 1.00091024 1.00044428 0.99877180 0.99903369 0.99894963 0.99869475
1.50 -2.00 -4.00 -4.00 0.99397819 1.00112908 1.00107282 0.86526705 0.99611789 0.99876920 0.99882210 0.85973797
1.50 -2.00 -4.00 -3.00 0.99470355 1.00076271 1.00015877 0.87408662 0.99589347 0.99912307 0.99889715 0.86779796
1.50 -2.00 -4.00 -2.00 0.99905907 1.00025792 0.99908792 0.97787448 0.99890707 0.99970076 0.99893787 0.97073369
1.50 -2.00 -4.00 -1.00 1.00050311 1.00127619 1.00070419 1.00072290 0.99947498 0.99872312 0.99909424 0.99791405
1.50 -2.00 -3.00 -4.00 0.99554406 1.00026928 1.00064135 0.89557352 0.99662735 0.99893359 0.99926011 0.88920716
1.50 -2.00 -3.00 -3.00 0.99475004 1.00044292 0.99991850 0.87506419 0.99576606 0.99863944 0.99914889 0.86862127
1.50 -2.00 -3.00 -2.00 0.99910162 1.00015423 0.99922742 0.97995458 0.99898478 0.99965749 0.99899788 0.97279771
1.50 -2.00 -3.00 -1.00 1.00051354 1.00127128 1.00070772 1.00071953 0.99946570 0.99872408 0.99909321 0.99792909
1.50 -2.00 -2.00 -4.00 0.99899143 0.99901333 1.00044305 0.97789933 0.99897159 0.99902746 0.99951984 0.97082825
1.50 -2.00 -2.00 -3.00 0.99910337 0.99915273 1.00018000 0.97925824 0.99894851 0.99898580 0.99962826 0.97213177
1.50 -2.00 -2.00 -2.00 0.99987293 1.00058467 1.00010996 0.99822527 0.99975203 0.99917959 0.99954079 0.99232043
1.50 -2.00 -2.00 -1.00 1.00059816 1.00112104 1.00077108 1.00075255 0.99938205 0.99886401 0.99903711 0.99795967
1.50 -2.00 -1.00 -4.00 1.00051698 1.00071166 1.00124412 1.00072954 0.99946154 0.99908548 0.99875570 0.99789959
1.50 -2.00 -1.00 -3.00 1.00050730 1.00071041 1.00126431 1.00072448 0.99947146 0.99908463 0.99873720 0.99791320
1.50 -2.00 -1.00 -2.00 1.00053602 1.00075176 1.00124502 1.00071615 0.99944422 0.99904019 0.99875648 0.99800807
1.50 -2.00 -1.00 -1.00 1.00077296 1.00097778 1.00100300 1.00073055 0.99921526 0.99890781 0.99889456 0.99846665
1.50 -1.00 -4.00 -4.00 1.00041828 1.00132533 1.00131249 1.00041356 0.99946329 0.99867521 0.99868783 0.99864333
1.50 -1.00 -4.00 -3.00 1.00055159 1.00093089 1.00143684 1.00054066 0.99932877 0.99906865 0.99856191 0.99850065
1.50 -1.00 -4.00 -2.00 1.00100899 1.00078957 1.00064006 1.00104428 0.99885303 0.99921011 0.99934686 0.99807290
1.50 -1.00 -4.00 -1.00 1.00093073 1.00073917 1.00091226 1.00108292 0.99901423 0.99925977 0.99901720 0.99837388
1.50 -1.00 -3.00 -4.00 1.00051259 1.00113417 1.00133125 1.00050332 0.99937138 0.99886562 0.99866898 0.99857534
1.50 -1.00 -3.00 -3.00 1.00058785 1.00114463 1.00116720 1.00057727 0.99929739 0.99885181 0.99883303 0.99849472
1.50 -1.00 -3.00 -2.00 1.00100040 1.00074042 1.00066286 1.00105278 0.99888362 0.99925885 0.99932467 0.99798932
1.50 -1.00 -3.00 -1.00 1.00093018 1.00070372 1.00091179 1.00109113 0.99899900 0.99929471 0.99902405 0.99831906
1.50 -1.00 -2.00 -4.00 1.00097989 1.00076415 1.00075487 1.00099746 0.99893376 0.99922754 0.99924477 0.99809030
1.50 -1.00 -2.00 -3.00 1.00101658 1.00067835 1.00072044 1.00105909 0.99887114 0.99930645 0.99928121 0.99801566
1.50 -1.00 -2.00 -2.00 1.00080667 1.00102466 1.00080566 1.00085907 0.99913208 0.99893379 0.99914896 0.99828124
1.50 -1.00 -2.00 -1.00 1.00092618 1.00074609 1.00090637 1.00107418 0.99900714 0.99924389 0.99903359 0.99836819
1.50 -1.00 -1.00 -4.00 1.00091804 1.00090117 1.00082147 1.00101954 0.99900728 0.99904408 0.99917798 0.99843087
1.50 -1.00 -1.00 -3.00 1.00092770 1.00090940 1.00073493 1.00107760 0.99899353 0.99903688 0.99926477 0.99835445
1.50 -1.00 -1.00 -2.00 1.00094571 1.00092061 1.00067002 1.00113331 0.99900972 0.99903878 0.99932548 0.99829566
1.50 -1.00 -1.00 -1.00 1.00077182 1.00103584 1.00103402 1.00092795 0.99918530 0.99893163 0.99892830 0.99872440
2.00 -4.00 -4.00 -4.00 1.00124360 1.00127185 1.00127188 0.00129224 0.99873760 0.99870959 0.99870974 0.00092265
2.00 -4.00 -4.00 -3.00 1.00108023 1.00122238 1.00024196 0.00635325 0.99886902 0.99872775 0.99926469 0.00403636
2.00 -4.00 -4.00 -2.00 1.00091950 1.00128552 0.99789195 0.97772037 0.99905740 0.99869231 0.99987606 0.97219156
2.00 -4.00 -4.00 -1.00 1.00127969 1.00132459 1.00022049 0.99945517 0.99872024 0.99867504 0.99971105 0.99717362
2.00 -4.00 -3.00 -4.00 1.00107957 1.00023454 1.00122317 0.00636948 0.99886931 0.99926768 0.99872742 0.00404236
2.00 -4.00 -3.00 -3.00 1.00020714 0.99767551 0.99769236 0.43039110 0.99927399 0.99730161 0.99728476 0.42410574
2.00 -4.00 -3.00 -2.00 1.00095182 1.00102639 0.99839145 0.98452822 0.99903144 0.99881428 0.99999309 0.97905908
2.00 -4.00 -3.00 -1.00 1.00127908 1.00130917 1.00023001 0.99945482 0.99872085 0.99869062 0.99970106 0.99716055
2.00 -4.00 -2.00 -4.00 1.00090866 0.99793222 1.00129062 0.97841648 0.99906886 0.99989948 0.99868723 0.97289241
2.00 -4.00 -2.00 -3.00 1.00095366 0.99834138 1.00101921 0.98355147 0.99902867 0.99995722 0.99880933 0.97807050
2.00 -4.00 -2.00 -2.00 1.00111682 1.00057911 1.00058877 0.99985067 0.99888288 0.99936836 0.99936609 0.99651304
2.00 -4.00 -2.00 -1.00 1.00128700 1.00115762 1.00041125 0.99944672 0.99871259 0.99882110 0.99953923 0.99722968
2.00 -4.00 -1.00 -4.00 1.00128250 1.00022128 1.00131864 0.99943852 0.99871749 0.99971577 0.99867614 0.99715153
2.00 -4.00 -1.00 -3.00 1.00128516 1.00024705 1.00130397 0.99943540 0.99871457 0.99969748 0.99868420 0.99717532
2.00 -4.00 -1.00 -2.00 1.00128551 1.00040736 1.00116204 0.99944291 0.99871381 0.99954727 0.99881274 0.99722401
2.00 -4.00 -1.00 -1.00 1.00130182 1.00071670 1.00098738 0.99949447 0.99869783 0.99920945 0.99899933 0.99759376
2.00 -3.00 -4.00 -4.00 0.99700590 1.00024402 1.00031850 0.31794389 0.99795147 0.99927812 0.99920337 0.31107935
2.00 -3.00 -4.00 -3.00 0.99761618 0.99995086 0.99853336 0.48739204 0.99763242 0.99980428 0.99841975 0.47964198
2.00 -3.00 -4.00 -2.00 0.99973613 1.00127394 0.99886478 0.98610539 1.00011138 0.99871365 0.99965862 0.97949659
2.00 -3.00 -4.00 -1.00 1.00090157 1.00132908 1.00041891 0.99957929 0.99909774 0.99867008 0.99951275 0.99694828
2.00 -3.00 -3.00 -4.00 0.99813120 0.99791791 0.99996064 0.49270123 0.99807091 0.99788952 0.99982806 0.48492248
2.00 -3.00 -3.00 -3.00 0.99944148 0.99789337 0.99885611 0.63315932 0.99858432 0.99840297 0.99849855 0.62586445
2.00 -3.00 -3.00 -2.00 0.99991037 1.00088765 0.99923135 0.99033284 0.99997534 0.99901244 0.99965481 0.98371962
2.00 -3.00 -3.00 -1.00 1.00091651 1.00125446 1.00049242 0.99955618 0.99908254 0.99871774 0.99946683 0.99695246
2.00 -3.00 -2.00 -4.00 0.99979288 0.99885602 1.00117663 0.98528691 1.00004722 0.99959734 0.99880713 0.97866075
2.00 -3.00 -2.00 -3.00 0.99991729 0.99917251 1.00087148 0.98944385 0.99996036 0.99964433 0.99900869 0.98279176
2.00 -3.00 -2.00 -2.00 1.00025526 1.00049652 1.00050140 0.99965975 0.99973868 0.99945059 0.99943506 0.99428860
2.00 -3.00 -2.00 -1.00 1.00094706 1.00110852 1.00063891 0.99956522 0.99905227 0.99884663 0.99933482 0.99702600
2.00 -3.00 -1.00 -4.00 1.00090918 1.00044789 1.00130166 0.99956420 0.99909019 0.99950055 0.99868079 0.99695140
2.00 -3.00 -1.00 -3.00 1.00090559 1.00041197 1.00133891 0.99957883 0.99909380 0.99952199 0.99865778 0.99696173
2.00 -3.00 -1.00 -2.00 1.00092577 1.00047742 1.00129012 0.99956913 0.99907354 0.99945990 0.99869988 0.99702912
2.00 -3.00 -1.00 -1.00 1.00107832 1.00080248 1.00101053 0.99956610 0.99892119 0.99911980 0.99898133 0.99743511
2.00 -2.00 -4.00 -4.00 0.99890901 1.00102586 1.00093357 0.99460449 1.00053306 0.99896618 0.99906200 0.98891169
2.00 -2.00 -4.00 -3.00 0.99961395 1.00066046 1.00019298 0.99692135 0.99996686 0.99933465 0.99976416 0.99032308
2.00 -2.00 -4.00 -2.00 1.00034487 1.00015254 1.00034006 1.00037139 0.99962842 0.99984704 0.99963368 0.99409971
2.00 -2.00 -4.00 -1.00 1.00046237 1.00129626 1.00063565 0.99990834 0.99953222 0.99869367 0.99931096 0.99676577
2.00 -2.00 -3.00 -4.00 0.99968251 1.00024182 1.00046190 0.99730966 0.99992343 0.99971689 0.99953380 0.99052177
2.00 -2.00 -3.00 -3.00 0.99941667 1.00057098 1.00036599 0.99542506 1.00003953 0.99936761 0.99958569 0.98878589
2.00 -2.00 -3.00 -2.00 1.00041193 1.00011654 1.00040969 1.00037217 0.99955890 0.99988053 0.99956166 0.99430925
2.00 -2.00 -3.00 -1.00 1.00045422 1.00131840 1.00062025 0.99991422 0.99953987 0.99868161 0.99931724 0.99676837
2.00 -2.00 -2.00 -4.00 1.00037315 1.00035472 1.00017297 1.00033033 0.99959526 0.99961487 0.99982644 0.99419460
2.00 -2.00 -2.00 -3.00 1.00045877 1.00041746 1.00007980 1.00038040 0.99951874 0.99956053 0.99991798 0.99433919
2.00 -2.00 -2.00 -2.00 1.00022021 1.00069715 1.00069674 1.00012999 0.99976425 0.99928828 0.99928766 0.99540390
2.00 -2.00 -2.00 -1.00 1.00046740 1.00122938 1.00071199 0.99994987 0.99952648 0.99876448 0.99922989 0.99683779
2.00 -2.00 -1.00 -4.00 1.00044207 1.00062369 1.00132034 0.99994417 0.99955152 0.99931452 0.99867973 0.99678451
2.00 -2.00 -1.00 -3.00 1.00044940 1.00063317 1.00130178 0.99994222 0.99954420 0.99930503 0.99869785 0.99677949
2.00 -2.00 -1.00 -2.00 1.00048082 1.00071120 1.00120211 0.99994900 0.99951298 0.99922935 0.99879235 0.99680846
2.00 -2.00 -1.00 -1.00 1.00055049 1.00101170 1.00105085 0.99994595 0.99944519 0.99894197 0.99891666 0.99725517
2.00 -1.00 -4.00 -4.00 1.00038276 1.00126695 1.00126341 0.99975333 0.99957990 0.99873282 0.99873674 0.99761699
2.00 -1.00 -4.00 -3.00 1.00056933 1.00119942 1.00100411 0.99987751 0.99939280 0.99880026 0.99899593 0.99746137
2.00 -1.00 -4.00 -2.00 1.00101036 1.00042363 1.00077114 1.00051875 0.99895091 0.99957632 0.99922522 0.99697144
2.00 -1.00 -4.00 -1.00 1.00078329 1.00110987 1.00077909 1.00042228 0.99919491 0.99888986 0.99920156 0.99780820
2.00 -1.00 -3.00 -4.00 1.00058926 1.00095227 1.00118963 0.99991730 0.99937281 0.99904776 0.99881021 0.99741768
2.00 -1.00 -3.00 -3.00 1.00070109 1.00096048 1.00090848 1.00008283 0.99926053 0.99903888 0.99909141 0.99726205
2.00 -1.00 -3.00 -2.00 1.00089115 1.00070642 1.00072536 1.00044186 0.99907437 0.99929320 0.99927183 0.99712538
2.00 -1.00 -3.00 -1.00 1.00094927 1.00059368 1.00094141 1.00056013 0.99902942 0.99940612 0.99903842 0.99757053
2.00 -1.00 -2.00 -4.00 1.00101351 1.00077981 1.00041884 1.00047937 0.99894987 0.99921671 0.99958112 0.99694382
2.00 -1.00 -2.00 -3.00 1.00095780 1.00073971 1.00056977 1.00050766 0.99899995 0.99925639 0.99942979 0.99708881
2.00 -1.00 -2.00 -2.00 1.00069682 1.00094692 1.00091498 1.00025533 0.99927049 0.99904776 0.99908411 0.99741169
2.00 -1.00 -2.00 -1.00 1.00087892 1.00078879 1.00086923 1.00035607 0.99909701 0.99920852 0.99910364 0.99748385
2.00 -1.00 -1.00 -4.00 1.00077777 1.00077360 1.00110041 1.00035684 0.99919820 0.99920468 0.99889945 0.99770629
2.00 -1.00 -1.00 -3.00 1.00079181 1.00079015 1.00104962 1.00033651 0.99918241 0.99918644 0.99895017 0.99764906
2.00 -1.00 -1.00 -2.00 1.00095586 1.00092301 1.00059804 1.00047653 0.99902517 0.99904744 0.99939929 0.99748154
2.00 -1.00 -1.00 -1.00 1.00072419 1.00101919 1.00105024 1.00017326 0.99925277 0.99895716 0.99893442 0.99782253
