-1.00 -5.00 -5.00 -5.00 0.99997754 0.99995004 0.99993900 0.01061669 0.99997754 0.99995004 0.99993900 0.01061669
-1.00 -5.00 -5.00 -4.00 0.99995488 0.99983988 0.99970729 0.03801512 0.99995488 0.99983988 0.99970729 0.03801512
-1.00 -5.00 -5.00 -3.00 0.99970455 0.99908040 0.99810656 0.27050839 0.99970455 0.99908040 0.99810656 0.27050839
-1.00 -5.00 -5.00 -2.00 0.99975937 0.99933726 0.99863268 0.94609741 0.99975937 0.99933726 0.99863268 0.94609741
-1.00 -5.00 -5.00 -1.00 1.00000000 1.00000000 1.00000010 0.99999990 1.00000000 1.00000000 1.00000010 0.99999990
-1.00 -4.00 -5.00 -5.00 0.99976029 0.99986517 0.99987326 0.04900687 0.99976029 0.99986517 0.99987326 0.04900687
-1.00 -4.00 -5.00 -4.00 0.99973808 0.99976510 0.99966068 0.07527500 0.99973808 0.99976510 0.99966068 0.07527500
-1.00 -4.00 -5.00 -3.00 0.99953422 0.99906194 0.99815431 0.29844436 0.99953422 0.99906194 0.99815431 0.29844436
-1.00 -4.00 -5.00 -2.00 0.99975065 0.99935889 0.99868252 0.94805014 0.99975065 0.99935889 0.99868252 0.94805014
-1.00 -4.00 -5.00 -1.00 1.00000000 1.00000000 1.00000005 0.99999995 1.00000000 1.00000000 1.00000005 0.99999995
-1.00 -3.00 -5.00 -5.00 0.99829460 0.99935504 0.99952803 0.35572098 0.99829460 0.99935504 0.99952803 0.35572098
-1.00 -3.00 -5.00 -4.00 0.99830632 0.99930860 0.99941109 0.37285013 0.99830632 0.99930860 0.99941109 0.37285013
-1.00 -3.00 -5.00 -3.00 0.99849090 0.99896928 0.99850779 0.52159685 0.99849090 0.99896928 0.99850779 0.52159685
-1.00 -3.00 -5.00 -2.00 0.99972417 0.99952179 0.99906465 0.96347346 0.99972417 0.99952179 0.99906465 0.96347346
-1.00 -3.00 -5.00 -1.00 1.00000000 1.00000000 1.00000006 0.99999994 1.00000000 1.00000000 1.00000006 0.99999994
-1.00 -2.00 -5.00 -5.00 0.99952959 0.99983194 0.99988587 0.98277015 0.99952959 0.99983194 0.99988587 0.98277015
-1.00 -2.00 -5.00 -4.00 0.99953856 0.99983473 0.99988633 0.98318829 0.99953856 0.99983473 0.99988633 0.98318829
-1.00 -2.00 -5.00 -3.00 0.99963464 0.99985942 0.99988706 0.98700552 0.99963464 0.99985942 0.99988706 0.98700552
-1.00 -2.00 -5.00 -2.00 0.99995447 0.99997037 0.99995781 0.99864334 0.99995447 0.99997037 0.99995781 0.99864334
-1.00 -2.00 -5.00 -1.00 1.00000000 1.00000000 0.99999997 1.00000003 1.00000000 1.00000000 0.99999997 1.00000003
-1.00 -1.00 -5.00 -5.00 0.99999999 1.00000000 1.00000000 1.00000001 0.99999999 1.00000000 1.00000000 1.00000001
-1.00 -1.00 -5.00 -4.00 1.00000001 1.00000000 1.00000000 0.99999999 1.00000001 1.00000000 1.00000000 0.99999999
-1.00 -1.00 -5.00 -3.00 1.00000001 1.00000000 1.00000000 0.99999999 1.00000001 1.00000000 1.00000000 0.99999999
-1.00 -1.00 -5.00 -2.00 1.00000003 1.00000000 1.00000005 0.99999992 1.00000003 1.00000000 1.00000005 0.99999992
-1.00 -1.00 -5.00 -1.00 1.00000000 1.00000000 0.99999999 1.00000002 1.00000000 1.00000000 0.99999999 1.00000002
0.00 -5.00 -5.00 -5.00 0.99997803 0.99995110 0.99994029 0.03259696 0.99997803 0.99995110 0.99994029 0.03259696
0.00 -5.00 -5.00 -4.00 0.99995840 0.99985232 0.99973008 0.11311482 0.99995840 0.99985232 0.99973008 0.11311482
0.00 -5.00 -5.00 -3.00 0.99984539 0.99951858 0.99900858 0.61830444 0.99984539 0.99951858 0.99900858 0.61830444
0.00 -5.00 -5.00 -2.00 0.99999888 0.99999479 0.99999149 0.99961704 0.99999888 0.99999479 0.99999149 0.99961704
0.00 -5.00 -5.00 -1.00 1.00000000 0.99999998 0.99999983 1.00000020 1.00000000 0.99999998 0.99999983 1.00000020
0.00 -4.00 -5.00 -5.00 0.99978442 0.99987872 0.99988600 0.14471106 0.99978442 0.99987872 0.99988600 0.14471106
0.00 -4.00 -5.00 -4.00 0.99977774 0.99980062 0.99971197 0.21540895 0.99977774 0.99980062 0.99971197 0.21540895
0.00 -4.00 -5.00 -3.00 0.99977480 0.99954635 0.99910754 0.66083809 0.99977480 0.99954635 0.99910754 0.66083809
0.00 -4.00 -5.00 -2.00 0.99999895 0.99999577 0.99999183 0.99969212 0.99999895 0.99999577 0.99999183 0.99969212
0.00 -4.00 -5.00 -1.00 1.00000001 1.00000002 1.00000016 0.99999981 1.00000001 1.00000002 1.00000016 0.99999981
0.00 -3.00 -5.00 -5.00 0.99931126 0.99973922 0.99980905 0.73975019 0.99931126 0.99973922 0.99980905 0.73975019
0.00 -3.00 -5.00 -4.00 0.99935125 0.99973479 0.99977401 0.75971402 0.99935125 0.99973479 0.99977401 0.75971402
0.00 -3.00 -5.00 -3.00 0.99966232 0.99976935 0.99966611 0.89295032 0.99966232 0.99976935 0.99966611 0.89295032
0.00 -3.00 -5.00 -2.00 0.99999943 0.99999621 0.99999516 0.99978110 0.99999943 0.99999621 0.99999516 0.99978110
0.00 -3.00 -5.00 -1.00 1.00000000 1.00000001 1.00000005 0.99999994 1.00000000 1.00000001 1.00000005 0.99999994
0.00 -2.00 -5.00 -5.00 0.99999840 0.99999995 0.99999991 0.99995207 0.99999840 0.99999995 0.99999991 0.99995207
0.00 -2.00 -5.00 -4.00 0.99999860 0.99999994 0.99999988 0.99995961 0.99999860 0.99999994 0.99999988 0.99995961
0.00 -2.00 -5.00 -3.00 0.99999906 0.99999994 1.00000015 0.99996781 0.99999906 0.99999994 1.00000015 0.99996781
0.00 -2.00 -5.00 -2.00 0.99999997 1.00000001 1.00000049 0.99999921 0.99999997 1.00000001 1.00000049 0.99999921
0.00 -2.00 -5.00 -1.00 0.99999997 1.00000001 1.00000011 0.99999991 0.99999997 1.00000001 1.00000011 0.99999991
0.00 -1.00 -5.00 -5.00 0.99999998 0.99999999 0.99999999 1.00000005 0.99999998 0.99999999 0.99999999 1.00000005
0.00 -1.00 -5.00 -4.00 1.00000000 1.00000000 0.99999998 1.00000002 1.00000000 1.00000000 0.99999998 1.00000002
0.00 -1.00 -5.00 -3.00 1.00000000 1.00000000 1.00000000 1.00000000 1.00000000 1.00000000 1.00000000 1.00000000
0.00 -1.00 -5.00 -2.00 0.99999999 1.00000000 1.00000002 1.00000000 0.99999999 1.00000000 1.00000002 1.00000000
0.00 -1.00 -5.00 -1.00 1.00000008 1.00000000 0.99999988 1.00000005 1.00000008 1.00000000 0.99999988 1.00000005
1.00 -5.00 -5.00 -5.00 0.99997954 0.99995441 0.99994434 0.09841635 0.99997954 0.99995441 0.99994434 0.09841635
1.00 -5.00 -5.00 -4.00 0.99996757 0.99988517 0.99979009 0.30970673 0.99996757 0.99988517 0.99979009 0.30970673
1.00 -5.00 -5.00 -3.00 0.99997783 0.99992946 0.99985560 0.94438740 0.99997783 0.99992946 0.99985560 0.94438740
1.00 -5.00 -5.00 -2.00 1.00000000 1.00000000 1.00000000 1.00000000 1.00000000 1.00000000 1.00000000 1.00000000
1.00 -5.00 -5.00 -1.00 1.00000000 1.00000000 1.00000000 1.00000000 1.00000000 1.00000000 1.00000000 1.00000000
1.00 -4.00 -5.00 -5.00 0.99984481 0.99991219 0.99991752 0.38294715 0.99984481 0.99991219 0.99991752 0.38294715
1.00 -4.00 -5.00 -4.00 0.99986567 0.99987936 0.99982583 0.52545300 0.99986567 0.99987936 0.99982583 0.52545300
1.00 -4.00 -5.00 -3.00 0.99997452 0.99994399 0.99989198 0.95946225 0.99997452 0.99994399 0.99989198 0.95946225
1.00 -4.00 -5.00 -2.00 1.00000000 1.00000000 1.00000000 1.00000000 1.00000000 1.00000000 1.00000000 1.00000000
1.00 -4.00 -5.00 -1.00 1.00000000 1.00000000 1.00000000 1.00000000 1.00000000 1.00000000 1.00000000 1.00000000
1.00 -3.00 -5.00 -5.00 0.99994917 0.99998364 0.99998696 0.98130296 0.99994917 0.99998364 0.99998696 0.98130296
1.00 -3.00 -5.00 -4.00 0.99995865 0.99998570 0.99998689 0.98515023 0.99995865 0.99998570 0.99998689 0.98515023
1.00 -3.00 -5.00 -3.00 0.99999359 0.99999553 0.99999387 0.99792897 0.99999359 0.99999553 0.99999387 0.99792897
1.00 -3.00 -5.00 -2.00 1.00000000 1.00000000 1.00000000 1.00000000 1.00000000 1.00000000 1.00000000 1.00000000
1.00 -3.00 -5.00 -1.00 1.00000000 1.00000000 1.00000000 1.00000000 1.00000000 1.00000000 1.00000000 1.00000000
1.00 -2.00 -5.00 -5.00 1.00000000 1.00000000 1.00000000 1.00000000 1.00000000 1.00000000 1.00000000 1.00000000
1.00 -2.00 -5.00 -4.00 1.00000000 1.00000000 1.00000000 1.00000000 1.00000000 1.00000000 1.00000000 1.00000000
1.00 -2.00 -5.00 -3.00 1.00000000 1.00000000 1.00000000 1.00000000 1.00000000 1.00000000 1.00000000 1.00000000
1.00 -2.00 -5.00 -2.00 1.00000000 1.00000000 1.00000000 1.00000000 1.00000000 1.00000000 1.00000000 1.00000000
1.00 -2.00 -5.00 -1.00 1.00000000 1.00000000 1.00000000 1.00000000 1.00000000 1.00000000 1.00000000 1.00000000
1.00 -1.00 -5.00 -5.00 1.00000000 1.00000000 1.00000000 1.00000000 1.00000000 1.00000000 1.00000000 1.00000000
1.00 -1.00 -5.00 -4.00 1.00000000 1.00000000 1.00000000 1.00000000 1.00000000 1.00000000 1.00000000 1.00000000
1.00 -1.00 -5.00 -3.00 1.00000000 1.00000000 1.00000000 1.00000000 1.00000000 1.00000000 1.00000000 1.00000000
1.00 -1.00 -5.00 -2.00 1.00000000 1.00000000 1.00000000 1.00000000 1.00000000 1.00000000 1.00000000 1.00000000
1.00 -1.00 -5.00 -1.00 1.00000000 1.00000000 1.00000000 1.00000000 1.00000000 1.00000000 1.00000000 1.00000000
