-1.00 -5.00 -5.00 -5.00 0.99998965 0.99997693 0.99997183 0.54568728 0.99998965 0.99997693 0.99997183 0.54568728
-1.00 -5.00 -5.00 -4.00 0.99999835 0.99999414 0.99998929 0.96509859 0.99999835 0.99999414 0.99998929 0.96509859
-1.00 -5.00 -5.00 -3.00 0.99999995 0.99999985 0.99999968 0.99987932 0.99999995 0.99999985 0.99999968 0.99987932
-1.00 -5.00 -5.00 -2.00 1.00000000 1.00000000 1.00000001 0.99999999 1.00000000 1.00000000 1.00000001 0.99999999
-1.00 -5.00 -5.00 -1.00 1.00000000 1.00000000 0.99999994 1.00000006 1.00000000 1.00000000 0.99999994 1.00000006
-1.00 -4.00 -5.00 -5.00 0.99999648 0.99999801 0.99999813 0.98621885 0.99999648 0.99999801 0.99999813 0.98621885
-1.00 -4.00 -5.00 -4.00 0.99999959 0.99999963 0.99999947 0.99857422 0.99999959 0.99999963 0.99999947 0.99857422
-1.00 -4.00 -5.00 -3.00 0.99999994 0.99999988 0.99999975 0.99990780 0.99999994 0.99999988 0.99999975 0.99990780
-1.00 -4.00 -5.00 -2.00 1.00000000 1.00000000 0.99999994 1.00000006 1.00000000 1.00000000 0.99999994 1.00000006
-1.00 -4.00 -5.00 -1.00 1.00000000 1.00000000 1.00000003 0.99999997 1.00000000 1.00000000 1.00000003 0.99999997
-1.00 -3.00 -5.00 -5.00 0.99999997 0.99999999 0.99999999 0.99998859 0.99999997 0.99999999 0.99999999 0.99998859
-1.00 -3.00 -5.00 -4.00 0.99999997 0.99999999 0.99999999 0.99999021 0.99999997 0.99999999 0.99999999 0.99999021
-1.00 -3.00 -5.00 -3.00 0.99999999 1.00000000 0.99999999 0.99999793 0.99999999 1.00000000 0.99999999 0.99999793
-1.00 -3.00 -5.00 -2.00 1.00000000 1.00000000 0.99999998 1.00000002 1.00000000 1.00000000 0.99999998 1.00000002
-1.00 -3.00 -5.00 -1.00 1.00000000 1.00000000 0.99999995 1.00000006 1.00000000 1.00000000 0.99999995 1.00000006
-1.00 -2.00 -5.00 -5.00 1.00000000 1.00000000 1.00000000 1.00000000 1.00000000 1.00000000 1.00000000 1.00000000
-1.00 -2.00 -5.00 -4.00 1.00000000 1.00000000 1.00000000 1.00000000 1.00000000 1.00000000 1.00000000 1.00000000
-1.00 -2.00 -5.00 -3.00 1.00000000 1.00000000 1.00000000 1.00000000 1.00000000 1.00000000 1.00000000 1.00000000
-1.00 -2.00 -5.00 -2.00 1.00000001 1.00000000 1.00000003 0.99999997 1.00000001 1.00000000 1.00000003 0.99999997
-1.00 -2.00 -5.00 -1.00 1.00000000 1.00000000 0.99999995 1.00000005 1.00000000 1.00000000 0.99999995 1.00000005
-1.00 -1.00 -5.00 -5.00 1.00000000 1.00000000 1.00000000 1.00000000 1.00000000 1.00000000 1.00000000 1.00000000
-1.00 -1.00 -5.00 -4.00 1.00000002 1.00000000 1.00000000 0.99999997 1.00000002 1.00000000 1.00000000 0.99999997
-1.00 -1.00 -5.00 -3.00 1.00000004 1.00000000 1.00000002 0.99999994 1.00000004 1.00000000 1.00000002 0.99999994
-1.00 -1.00 -5.00 -2.00 1.00000001 1.00000000 1.00000001 0.99999998 1.00000001 1.00000000 1.00000001 0.99999998
-1.00 -1.00 -5.00 -1.00 1.00000003 1.00000000 1.00000012 0.99999985 1.00000003 1.00000000 1.00000012 0.99999985
0.00 -5.00 -5.00 -5.00 0.99999966 0.99999933 0.99999917 0.98679610 0.99999966 0.99999933 0.99999917 0.98679610
0.00 -5.00 -5.00 -4.00 1.00000000 0.99999998 0.99999996 0.99988440 1.00000000 0.99999998 0.99999996 0.99988440
0.00 -5.00 -5.00 -3.00 1.00000000 1.00000000 1.00000000 1.00000002 1.00000000 1.00000000 1.00000000 1.00000002
0.00 -5.00 -5.00 -2.00 1.00000000 1.00000000 0.99999985 1.00000015 1.00000000 1.00000000 0.99999985 1.00000015
0.00 -5.00 -5.00 -1.00 1.00000000 1.00000000 1.00000149 0.99999850 1.00000000 1.00000000 1.00000149 0.99999850
0.00 -4.00 -5.00 -5.00 0.99999999 1.00000000 1.00000000 0.99997111 0.99999999 1.00000000 1.00000000 0.99997111
0.00 -4.00 -5.00 -4.00 1.00000000 1.00000000 1.00000000 0.99999277 1.00000000 1.00000000 1.00000000 0.99999277
0.00 -4.00 -5.00 -3.00 1.00000000 1.00000000 1.00000000 1.00000007 1.00000000 1.00000000 1.00000000 1.00000007
0.00 -4.00 -5.00 -2.00 1.00000000 0.99999999 0.99999970 1.00000031 1.00000000 0.99999999 0.99999970 1.00000031
0.00 -4.00 -5.00 -1.00 1.00000000 1.00000000 0.99999907 1.00000093 1.00000000 1.00000000 0.99999907 1.00000093
0.00 -3.00 -5.00 -5.00 1.00000000 1.00000000 1.00000000 1.00000000 1.00000000 1.00000000 1.00000000 1.00000000
0.00 -3.00 -5.00 -4.00 1.00000000 1.00000000 1.00000000 1.00000001 1.00000000 1.00000000 1.00000000 1.00000001
0.00 -3.00 -5.00 -3.00 1.00000000 1.00000000 1.00000000 1.00000001 1.00000000 1.00000000 1.00000000 1.00000001
0.00 -3.00 -5.00 -2.00 0.99999997 0.99999999 0.99999950 1.00000055 0.99999997 0.99999999 0.99999950 1.00000055
0.00 -3.00 -5.00 -1.00 1.00000001 1.00000000 1.00000119 0.99999880 1.00000001 1.00000000 1.00000119 0.99999880
0.00 -2.00 -5.00 -5.00 1.00000000 1.00000000 1.00000000 1.00000000 1.00000000 1.00000000 1.00000000 1.00000000
0.00 -2.00 -5.00 -4.00 1.00000000 1.00000000 1.00000000 1.00000000 1.00000000 1.00000000 1.00000000 1.00000000
0.00 -2.00 -5.00 -3.00 1.00000000 1.00000000 1.00000000 1.00000000 1.00000000 1.00000000 1.00000000 1.00000000
0.00 -2.00 -5.00 -2.00 0.99999998 1.00000000 0.99999983 1.00000019 0.99999998 1.00000000 0.99999983 1.00000019
0.00 -2.00 -5.00 -1.00 0.99999982 1.00000000 0.99999811 1.00000207 0.99999982 1.00000000 0.99999811 1.00000207
0.00 -1.00 -5.00 -5.00 1.00000068 1.00000000 1.00000000 0.99999931 1.00000068 1.00000000 1.00000000 0.99999931
0.00 -1.00 -5.00 -4.00 1.00000098 1.00000000 1.00000000 0.99999902 1.00000098 1.00000000 1.00000000 0.99999902
0.00 -1.00 -5.00 -3.00 1.00000050 1.00000000 1.00000004 0.99999946 1.00000050 1.00000000 1.00000004 0.99999946
0.00 -1.00 -5.00 -2.00 1.00000107 1.00000000 1.00000012 0.99999881 1.00000107 1.00000000 1.00000012 0.99999881
0.00 -1.00 -5.00 -1.00 1.00000021 1.00000000 1.00000018 0.99999961 1.00000021 1.00000000 1.00000018 0.99999961
