-1.00 -5.00 -5.00 -5.00 0.99997745 0.99995004 0.99993892 0.01043888 0.99997745 0.99995004 0.99993892 0.01043888
-1.00 -5.00 -5.00 -4.00 0.99995486 0.99983976 0.99970709 0.03728440 0.99995486 0.99983976 0.99970709 0.03728440
-1.00 -5.00 -5.00 -3.00 0.99970313 0.99907597 0.99809732 0.26701365 0.99970313 0.99907597 0.99809732 0.26701365
-1.00 -5.00 -5.00 -2.00 0.99974858 0.99930712 0.99856814 0.94365663 0.99974858 0.99930712 0.99856814 0.94365663
-1.00 -5.00 -5.00 -1.00 1.00000000 1.00000000 0.99999999 1.00000001 1.00000000 1.00000000 0.99999999 1.00000001
-1.00 -4.00 -5.00 -5.00 0.99976026 0.99986518 0.99987328 0.04874859 0.99976026 0.99986518 0.99987328 0.04874859
-1.00 -4.00 -5.00 -4.00 0.99912981 0.99957367 0.99955871 0.20463208 0.99912981 0.99957367 0.99955871 0.20463208
-1.00 -4.00 -5.00 -3.00 0.99953223 0.99905678 0.99814483 0.29466202 0.99953223 0.99905678 0.99814483 0.29466202
-1.00 -4.00 -5.00 -2.00 0.99973877 0.99932800 0.99861890 0.94554805 0.99973877 0.99932800 0.99861890 0.94554805
-1.00 -4.00 -5.00 -1.00 1.00000000 1.00000000 1.00000007 0.99999993 1.00000000 1.00000000 1.00000007 0.99999993
-1.00 -3.00 -5.00 -5.00 0.99829339 0.99935457 0.99952767 0.35528624 0.99829339 0.99935457 0.99952767 0.35528624
-1.00 -3.00 -5.00 -4.00 0.99830477 0.99930758 0.99941033 0.37197977 0.99830477 0.99930758 0.99941033 0.37197977
-1.00 -3.00 -5.00 -3.00 0.99848063 0.99896220 0.99849754 0.51832734 0.99848063 0.99896220 0.99849754 0.51832734
-1.00 -3.00 -5.00 -2.00 0.99971078 0.99949803 0.99901828 0.96166324 0.99971078 0.99949803 0.99901828 0.96166324
-1.00 -3.00 -5.00 -1.00 1.00000001 1.00000000 0.99999992 1.00000008 1.00000001 1.00000000 0.99999992 1.00000008
-1.00 -2.00 -5.00 -5.00 0.99953523 0.99983408 0.99988738 0.98298376 0.99953523 0.99983408 0.99988738 0.98298376
-1.00 -2.00 -5.00 -4.00 0.99954143 0.99983530 0.99988696 0.98323882 0.99954143 0.99983530 0.99988696 0.98323882
-1.00 -2.00 -5.00 -3.00 0.99962975 0.99985640 0.99988490 0.98673592 0.99962975 0.99985640 0.99988490 0.98673592
-1.00 -2.00 -5.00 -2.00 0.99995120 0.99996852 0.99995612 0.99856032 0.99995120 0.99996852 0.99995612 0.99856032
-1.00 -2.00 -5.00 -1.00 1.00000000 1.00000000 0.99999997 1.00000002 1.00000000 1.00000000 0.99999997 1.00000002
-1.00 -1.00 -5.00 -5.00 1.00000000 1.00000000 1.00000000 1.00000000 1.00000000 1.00000000 1.00000000 1.00000000
-1.00 -1.00 -5.00 -4.00 1.00000003 1.00000000 1.00000000 0.99999997 1.00000003 1.00000000 1.00000000 0.99999997
-1.00 -1.00 -5.00 -3.00 0.99999997 1.00000000 1.00000000 1.00000003 0.99999997 1.00000000 1.00000000 1.00000003
-1.00 -1.00 -5.00 -2.00 0.99999999 1.00000000 1.00000000 1.00000002 0.99999999 1.00000000 1.00000000 1.00000002
-1.00 -1.00 -5.00 -1.00 1.00000004 1.00000000 0.99999996 1.00000000 1.00000004 1.00000000 0.99999996 1.00000000
0.00 -5.00 -5.00 -5.00 0.99997807 0.99995106 0.99994030 0.03254454 0.99997807 0.99995106 0.99994030 0.03254454
0.00 -5.00 -5.00 -4.00 0.99995845 0.99985223 0.99973003 0.11273009 0.99995845 0.99985223 0.99973003 0.11273009
0.00 -5.00 -5.00 -3.00 0.99984529 0.99951820 0.99900808 0.61797807 0.99984529 0.99951820 0.99900808 0.61797807
0.00 -5.00 -5.00 -2.00 0.99999892 0.99999494 0.99998993 0.99961799 0.99999892 0.99999494 0.99998993 0.99961799
0.00 -5.00 -5.00 -1.00 1.00000000 1.00000000 1.00000000 1.00000001 1.00000000 1.00000000 1.00000000 1.00000001
0.00 -4.00 -5.00 -5.00 0.99978445 0.99987875 0.99988603 0.14477687 0.99978445 0.99987875 0.99988603 0.14477687
0.00 -4.00 -5.00 -4.00 0.99977767 0.99980056 0.99971188 0.21517163 0.99977767 0.99980056 0.99971188 0.21517163
0.00 -4.00 -5.00 -3.00 0.99977418 0.99954529 0.99910520 0.66001838 0.99977418 0.99954529 0.99910520 0.66001838
0.00 -4.00 -5.00 -2.00 0.99999895 0.99999474 0.99998979 0.99961247 0.99999895 0.99999474 0.99998979 0.99961247
0.00 -4.00 -5.00 -1.00 1.00000001 1.00000002 1.00000016 0.99999981 1.00000001 1.00000002 1.00000016 0.99999981
0.00 -3.00 -5.00 -5.00 0.99930974 0.99973853 0.99980853 0.73912677 0.99930974 0.99973853 0.99980853 0.73912677
0.00 -3.00 -5.00 -4.00 0.99935040 0.99973473 0.99977392 0.75963756 0.99935040 0.99973473 0.99977392 0.75963756
0.00 -3.00 -5.00 -3.00 0.99966158 0.99976874 0.99966521 0.89269268 0.99966158 0.99976874 0.99966521 0.89269268
0.00 -3.00 -5.00 -2.00 0.99999942 0.99999733 0.99999464 0.99982656 0.99999942 0.99999733 0.99999464 0.99982656
0.00 -3.00 -5.00 -1.00 1.00000000 1.00000001 1.00000005 0.99999994 1.00000000 1.00000001 1.00000005 0.99999994
0.00 -2.00 -5.00 -5.00 0.99999833 0.99999992 0.99999988 0.99994375 0.99999833 0.99999992 0.99999988 0.99994375
0.00 -2.00 -5.00 -4.00 0.99999844 0.99999993 0.99999984 0.99995114 0.99999844 0.99999993 0.99999984 0.99995114
0.00 -2.00 -5.00 -3.00 0.99999943 0.99999992 0.99999991 0.99998196 0.99999943 0.99999992 0.99999991 0.99998196
0.00 -2.00 -5.00 -2.00 1.00000030 1.00000001 0.99999959 0.99999983 1.00000030 1.00000001 0.99999959 0.99999983
0.00 -2.00 -5.00 -1.00 0.99999997 1.00000001 1.00000011 0.99999991 0.99999997 1.00000001 1.00000011 0.99999991
0.00 -1.00 -5.00 -5.00 0.99999998 0.99999999 0.99999999 1.00000005 0.99999998 0.99999999 0.99999999 1.00000005
0.00 -1.00 -5.00 -4.00 1.00000000 1.00000000 0.99999998 1.00000002 1.00000000 1.00000000 0.99999998 1.00000002
0.00 -1.00 -5.00 -3.00 1.00000000 1.00000000 1.00000000 1.00000000 1.00000000 1.00000000 1.00000000 1.00000000
0.00 -1.00 -5.00 -2.00 1.00000006 1.00000000 0.99999994 1.00000000 1.00000006 1.00000000 0.99999994 1.00000000
0.00 -1.00 -5.00 -1.00 1.00000001 1.00000000 0.99999999 1.00000000 1.00000001 1.00000000 0.99999999 1.00000000
1.00 -5.00 -5.00 -5.00 0.99997954 0.99995441 0.99994434 0.09840043 0.99997954 0.99995441 0.99994434 0.09840043
1.00 -5.00 -5.00 -4.00 0.99996761 0.99988524 0.99979013 0.31028140 0.99996761 0.99988524 0.99979013 0.31028140
1.00 -5.00 -5.00 -3.00 0.99997799 0.99992917 0.99985392 0.94405770 0.99997799 0.99992917 0.99985392 0.94405770
1.00 -5.00 -5.00 -2.00 1.00000000 1.00000000 1.00000000 1.00000000 1.00000000 1.00000000 1.00000000 1.00000000
1.00 -5.00 -5.00 -1.00 1.00000000 1.00000000 1.00000000 1.00000000 1.00000000 1.00000000 1.00000000 1.00000000
1.00 -4.00 -5.00 -5.00 0.99984496 0.99991235 0.99991759 0.38340404 0.99984496 0.99991235 0.99991759 0.38340404
1.00 -4.00 -5.00 -4.00 0.99986556 0.99987912 0.99982539 0.52457695 0.99986556 0.99987912 0.99982539 0.52457695
1.00 -4.00 -5.00 -3.00 0.99997454 0.99994484 0.99989221 0.95956434 0.99997454 0.99994484 0.99989221 0.95956434
1.00 -4.00 -5.00 -2.00 1.00000000 1.00000000 1.00000000 1.00000000 1.00000000 1.00000000 1.00000000 1.00000000
1.00 -4.00 -5.00 -1.00 1.00000000 1.00000000 1.00000000 1.00000000 1.00000000 1.00000000 1.00000000 1.00000000
1.00 -3.00 -5.00 -5.00 0.99994906 0.99998382 0.99998693 0.98126577 0.99994906 0.99998382 0.99998693 0.98126577
1.00 -3.00 -5.00 -4.00 0.99995663 0.99998675 0.99998727 0.98482300 0.99995663 0.99998675 0.99998727 0.98482300
1.00 -3.00 -5.00 -3.00 0.99999402 0.99999540 0.99999291 0.99794946 0.99999402 0.99999540 0.99999291 0.99794946
1.00 -3.00 -5.00 -2.00 1.00000000 1.00000000 1.00000000 1.00000000 1.00000000 1.00000000 1.00000000 1.00000000
1.00 -3.00 -5.00 -1.00 1.00000000 1.00000000 1.00000000 1.00000000 1.00000000 1.00000000 1.00000000 1.00000000
1.00 -2.00 -5.00 -5.00 1.00000000 1.00000000 1.00000000 1.00000000 1.00000000 1.00000000 1.00000000 1.00000000
1.00 -2.00 -5.00 -4.00 1.00000000 1.00000000 1.00000000 1.00000000 1.00000000 1.00000000 1.00000000 1.00000000
1.00 -2.00 -5.00 -3.00 1.00000000 1.00000000 1.00000000 1.00000000 1.00000000 1.00000000 1.00000000 1.00000000
1.00 -2.00 -5.00 -2.00 1.00000000 1.00000000 1.00000000 1.00000000 1.00000000 1.00000000 1.00000000 1.00000000
1.00 -2.00 -5.00 -1.00 1.00000000 1.00000000 1.00000000 1.00000000 1.00000000 1.00000000 1.00000000 1.00000000
1.00 -1.00 -5.00 -5.00 1.00000000 1.00000000 1.00000000 1.00000000 1.00000000 1.00000000 1.00000000 1.00000000
1.00 -1.00 -5.00 -4.00 1.00000000 1.00000000 1.00000000 1.00000000 1.00000000 1.00000000 1.00000000 1.00000000
1.00 -1.00 -5.00 -3.00 1.00000000 1.00000000 0.99999999 1.00000000 1.00000000 1.00000000 0.99999999 1.00000000
1.00 -1.00 -5.00 -2.00 1.00000000 1.00000000 1.00000000 1.00000000 1.00000000 1.00000000 1.00000000 1.00000000
1.00 -1.00 -5.00 -1.00 1.00000000 1.00000000 1.00000000 1.00000000 1.00000000 1.00000000 1.00000000 1.00000000
