-1.00 -5.00 -5.00 -5.00 0.99998886 0.99997514 0.99996957 0.50991054 0.99998886 0.99997514 0.99996957 0.50991054
-1.00 -5.00 -5.00 -4.00 0.99999572 0.99998473 0.99997199 0.90872112 0.99999572 0.99998473 0.99997199 0.90872112
-1.00 -5.00 -5.00 -3.00 0.99999995 0.99999984 0.99999967 0.99987449 0.99999995 0.99999984 0.99999967 0.99987449
-1.00 -5.00 -5.00 -2.00 1.00000000 1.00000000 0.99999996 1.00000003 1.00000000 1.00000000 0.99999996 1.00000003
-1.00 -5.00 -5.00 -1.00 1.00000000 1.00000000 0.99999997 1.00000002 1.00000000 1.00000000 0.99999997 1.00000002
-1.00 -4.00 -5.00 -5.00 0.99999455 0.99999693 0.99999711 0.97868191 0.99999455 0.99999693 0.99999711 0.97868191
-1.00 -4.00 -5.00 -4.00 0.99999885 0.99999897 0.99999852 0.99601860 0.99999885 0.99999897 0.99999852 0.99601860
-1.00 -4.00 -5.00 -3.00 0.99999993 0.99999985 0.99999970 0.99988843 0.99999993 0.99999985 0.99999970 0.99988843
-1.00 -4.00 -5.00 -2.00 1.00000000 1.00000000 0.99999999 1.00000001 1.00000000 1.00000000 0.99999999 1.00000001
-1.00 -4.00 -5.00 -1.00 1.00000000 1.00000000 1.00000005 0.99999995 1.00000000 1.00000000 1.00000005 0.99999995
-1.00 -3.00 -5.00 -5.00 0.99999998 0.99999999 0.99999999 0.99998867 0.99999998 0.99999999 0.99999999 0.99998867
-1.00 -3.00 -5.00 -4.00 0.99999997 0.99999999 0.99999999 0.99999008 0.99999997 0.99999999 0.99999999 0.99999008
-1.00 -3.00 -5.00 -3.00 0.99999999 1.00000000 0.99999999 0.99999771 0.99999999 1.00000000 0.99999999 0.99999771
-1.00 -3.00 -5.00 -2.00 1.00000000 1.00000000 1.00000002 0.99999999 1.00000000 1.00000000 1.00000002 0.99999999
-1.00 -3.00 -5.00 -1.00 1.00000006 1.00000001 0.99999903 1.00000090 1.00000006 1.00000001 0.99999903 1.00000090
-1.00 -2.00 -5.00 -5.00 1.00000000 1.00000000 1.00000000 1.00000000 1.00000000 1.00000000 1.00000000 1.00000000
-1.00 -2.00 -5.00 -4.00 1.00000001 1.00000000 1.00000000 0.99999999 1.00000001 1.00000000 1.00000000 0.99999999
-1.00 -2.00 -5.00 -3.00 1.00000040 1.00000001 0.99999992 0.99999968 1.00000040 1.00000001 0.99999992 0.99999968
-1.00 -2.00 -5.00 -2.00 0.99999993 1.00000000 1.00000009 0.99999999 0.99999993 1.00000000 1.00000009 0.99999999
-1.00 -2.00 -5.00 -1.00 1.00000022 1.00000001 0.99999881 1.00000095 1.00000022 1.00000001 0.99999881 1.00000095
-1.00 -1.00 -5.00 -5.00 0.99999997 1.00000000 1.00000000 1.00000003 0.99999997 1.00000000 1.00000000 1.00000003
-1.00 -1.00 -5.00 -4.00 0.99999993 1.00000000 1.00000000 1.00000007 0.99999993 1.00000000 1.00000000 1.00000007
-1.00 -1.00 -5.00 -3.00 1.00000001 1.00000000 1.00000000 0.99999999 1.00000001 1.00000000 1.00000000 0.99999999
-1.00 -1.00 -5.00 -2.00 1.00000010 1.00000000 0.99999998 0.99999992 1.00000010 1.00000000 0.99999998 0.99999992
-1.00 -1.00 -5.00 -1.00 0.99999999 1.00000000 0.99999998 1.00000004 0.99999999 1.00000000 0.99999998 1.00000004
0.00 -5.00 -5.00 -5.00 0.99999924 0.99999834 0.99999797 0.96772625 0.99999924 0.99999834 0.99999797 0.96772625
0.00 -5.00 -5.00 -4.00 1.00000000 0.99999998 0.99999997 0.99990794 1.00000000 0.99999998 0.99999997 0.99990794
0.00 -5.00 -5.00 -3.00 1.00000000 1.00000000 1.00000000 1.00000001 1.00000000 1.00000000 1.00000000 1.00000001
0.00 -5.00 -5.00 -2.00 1.00000000 1.00000001 0.99999969 1.00000030 1.00000000 1.00000001 0.99999969 1.00000030
0.00 -5.00 -5.00 -1.00 1.00000000 1.00000000 0.99999885 1.00000115 1.00000000 1.00000000 0.99999885 1.00000115
0.00 -4.00 -5.00 -5.00 0.99999999 1.00000000 1.00000000 0.99996553 0.99999999 1.00000000 1.00000000 0.99996553
0.00 -4.00 -5.00 -4.00 1.00000000 1.00000000 1.00000000 1.00000490 1.00000000 1.00000000 1.00000000 1.00000490
0.00 -4.00 -5.00 -3.00 1.00000000 1.00000000 1.00000000 1.00000011 1.00000000 1.00000000 1.00000000 1.00000011
0.00 -4.00 -5.00 -2.00 1.00000000 0.99999999 1.00000030 0.99999971 1.00000000 0.99999999 1.00000030 0.99999971
0.00 -4.00 -5.00 -1.00 1.00000000 1.00000000 0.99999978 1.00000022 1.00000000 1.00000000 0.99999978 1.00000022
0.00 -3.00 -5.00 -5.00 1.00000000 1.00000000 1.00000000 1.00000000 1.00000000 1.00000000 1.00000000 1.00000000
0.00 -3.00 -5.00 -4.00 1.00000000 1.00000000 1.00000000 1.00000000 1.00000000 1.00000000 1.00000000 1.00000000
0.00 -3.00 -5.00 -3.00 1.00000000 1.00000000 1.00000000 1.00000001 1.00000000 1.00000000 1.00000000 1.00000001
0.00 -3.00 -5.00 -2.00 0.99999998 1.00000001 0.99999975 1.00000026 0.99999998 1.00000001 0.99999975 1.00000026
0.00 -3.00 -5.00 -1.00 0.99999998 1.00000000 0.99999815 1.00000186 0.99999998 1.00000000 0.99999815 1.00000186
0.00 -2.00 -5.00 -5.00 1.00000000 1.00000000 1.00000000 1.00000000 1.00000000 1.00000000 1.00000000 1.00000000
0.00 -2.00 -5.00 -4.00 1.00000000 1.00000000 1.00000000 1.00000000 1.00000000 1.00000000 1.00000000 1.00000000
0.00 -2.00 -5.00 -3.00 1.00000000 1.00000000 1.00000000 1.00000000 1.00000000 1.00000000 1.00000000 1.00000000
0.00 -2.00 -5.00 -2.00 1.00000001 1.00000000 1.00000005 0.99999994 1.00000001 1.00000000 1.00000005 0.99999994
0.00 -2.00 -5.00 -1.00 1.00000017 1.00000000 1.00000157 0.99999826 1.00000017 1.00000000 1.00000157 0.99999826
0.00 -1.00 -5.00 -5.00 0.99999968 1.00000000 1.00000000 1.00000032 0.99999968 1.00000000 1.00000000 1.00000032
0.00 -1.00 -5.00 -4.00 0.99999961 1.00000000 1.00000000 1.00000039 0.99999961 1.00000000 1.00000000 1.00000039
0.00 -1.00 -5.00 -3.00 0.99999975 1.00000000 1.00000000 1.00000025 0.99999975 1.00000000 1.00000000 1.00000025
0.00 -1.00 -5.00 -2.00 0.99999973 1.00000000 0.99999998 1.00000030 0.99999973 1.00000000 0.99999998 1.00000030
0.00 -1.00 -5.00 -1.00 1.00000001 1.00000000 1.00000004 0.99999995 1.00000001 1.00000000 1.00000004 0.99999995
